{"D:\\67160041\\student-api\\app.js": {"path":"D:\\67160041\\student-api\\app.js","statementMap":{"0":{"start":{"line":1,"column":0},"end":{"line":1,"column":27}},"1":{"start":{"line":3,"column":16},"end":{"line":3,"column":34}},"2":{"start":{"line":4,"column":15},"end":{"line":4,"column":32}},"3":{"start":{"line":5,"column":13},"end":{"line":5,"column":28}},"4":{"start":{"line":6,"column":15},"end":{"line":6,"column":32}},"5":{"start":{"line":7,"column":13},"end":{"line":7,"column":28}},"6":{"start":{"line":8,"column":45},"end":{"line":8,"column":74}},"7":{"start":{"line":9,"column":39},"end":{"line":9,"column":76}},"8":{"start":{"line":10,"column":56},"end":{"line":10,"column":81}},"9":{"start":{"line":12,"column":15},"end":{"line":12,"column":34}},"10":{"start":{"line":13,"column":13},"end":{"line":13,"column":35}},"11":{"start":{"line":15,"column":12},"end":{"line":15,"column":21}},"12":{"start":{"line":16,"column":17},"end":{"line":16,"column":33}},"13":{"start":{"line":17,"column":17},"end":{"line":17,"column":33}},"14":{"start":{"line":20,"column":0},"end":{"line":20,"column":18}},"15":{"start":{"line":21,"column":0},"end":{"line":26,"column":2}},"16":{"start":{"line":27,"column":0},"end":{"line":27,"column":23}},"17":{"start":{"line":28,"column":0},"end":{"line":28,"column":41}},"18":{"start":{"line":31,"column":0},"end":{"line":31,"column":29}},"19":{"start":{"line":32,"column":0},"end":{"line":32,"column":29}},"20":{"start":{"line":36,"column":0},"end":{"line":38,"column":3}},"21":{"start":{"line":37,"column":2},"end":{"line":37,"column":70}},"22":{"start":{"line":41,"column":0},"end":{"line":80,"column":2}},"23":{"start":{"line":46,"column":22},"end":{"line":46,"column":31}},"24":{"start":{"line":47,"column":36},"end":{"line":47,"column":50}},"25":{"start":{"line":48,"column":29},"end":{"line":48,"column":37}},"26":{"start":{"line":50,"column":20},"end":{"line":50,"column":44}},"27":{"start":{"line":51,"column":21},"end":{"line":51,"column":61}},"28":{"start":{"line":52,"column":19},"end":{"line":52,"column":21}},"29":{"start":{"line":54,"column":4},"end":{"line":58,"column":5}},"30":{"start":{"line":55,"column":6},"end":{"line":55,"column":38}},"31":{"start":{"line":56,"column":6},"end":{"line":56,"column":39}},"32":{"start":{"line":57,"column":6},"end":{"line":57,"column":25}},"33":{"start":{"line":60,"column":4},"end":{"line":60,"column":64}},"34":{"start":{"line":62,"column":4},"end":{"line":78,"column":5}},"35":{"start":{"line":63,"column":21},"end":{"line":63,"column":76}},"36":{"start":{"line":64,"column":28},"end":{"line":64,"column":64}},"37":{"start":{"line":66,"column":6},"end":{"line":75,"column":9}},"38":{"start":{"line":77,"column":6},"end":{"line":77,"column":16}},"39":{"start":{"line":83,"column":0},"end":{"line":99,"column":3}},"40":{"start":{"line":84,"column":2},"end":{"line":98,"column":3}},"41":{"start":{"line":85,"column":19},"end":{"line":87,"column":6}},"42":{"start":{"line":89,"column":4},"end":{"line":93,"column":5}},"43":{"start":{"line":90,"column":6},"end":{"line":92,"column":9}},"44":{"start":{"line":95,"column":4},"end":{"line":95,"column":63}},"45":{"start":{"line":97,"column":4},"end":{"line":97,"column":14}},"46":{"start":{"line":102,"column":0},"end":{"line":128,"column":3}},"47":{"start":{"line":103,"column":33},"end":{"line":103,"column":41}},"48":{"start":{"line":104,"column":2},"end":{"line":127,"column":3}},"49":{"start":{"line":105,"column":21},"end":{"line":108,"column":5}},"50":{"start":{"line":111,"column":28},"end":{"line":111,"column":46}},"51":{"start":{"line":112,"column":4},"end":{"line":114,"column":5}},"52":{"start":{"line":113,"column":6},"end":{"line":113,"column":44}},"53":{"start":{"line":116,"column":4},"end":{"line":119,"column":7}},"54":{"start":{"line":121,"column":4},"end":{"line":125,"column":5}},"55":{"start":{"line":122,"column":6},"end":{"line":124,"column":9}},"56":{"start":{"line":126,"column":4},"end":{"line":126,"column":14}},"57":{"start":{"line":131,"column":0},"end":{"line":184,"column":3}},"58":{"start":{"line":132,"column":20},"end":{"line":132,"column":33}},"59":{"start":{"line":133,"column":23},"end":{"line":133,"column":31}},"60":{"start":{"line":134,"column":21},"end":{"line":134,"column":47}},"61":{"start":{"line":136,"column":2},"end":{"line":183,"column":3}},"62":{"start":{"line":137,"column":4},"end":{"line":137,"column":40}},"63":{"start":{"line":139,"column":25},"end":{"line":142,"column":5}},"64":{"start":{"line":144,"column":4},"end":{"line":149,"column":5}},"65":{"start":{"line":145,"column":6},"end":{"line":145,"column":34}},"66":{"start":{"line":146,"column":6},"end":{"line":148,"column":9}},"67":{"start":{"line":151,"column":4},"end":{"line":156,"column":5}},"68":{"start":{"line":152,"column":6},"end":{"line":152,"column":34}},"69":{"start":{"line":153,"column":6},"end":{"line":155,"column":9}},"70":{"start":{"line":158,"column":4},"end":{"line":161,"column":6}},"71":{"start":{"line":163,"column":4},"end":{"line":166,"column":6}},"72":{"start":{"line":168,"column":4},"end":{"line":168,"column":30}},"73":{"start":{"line":169,"column":4},"end":{"line":169,"column":57}},"74":{"start":{"line":171,"column":4},"end":{"line":171,"column":32}},"75":{"start":{"line":172,"column":4},"end":{"line":179,"column":5}},"76":{"start":{"line":173,"column":6},"end":{"line":178,"column":9}},"77":{"start":{"line":180,"column":4},"end":{"line":180,"column":14}},"78":{"start":{"line":182,"column":4},"end":{"line":182,"column":25}},"79":{"start":{"line":187,"column":0},"end":{"line":198,"column":3}},"80":{"start":{"line":188,"column":13},"end":{"line":188,"column":34}},"81":{"start":{"line":189,"column":26},"end":{"line":189,"column":34}},"82":{"start":{"line":191,"column":2},"end":{"line":195,"column":3}},"83":{"start":{"line":192,"column":4},"end":{"line":194,"column":64}},"84":{"start":{"line":197,"column":2},"end":{"line":197,"column":57}},"85":{"start":{"line":201,"column":0},"end":{"line":220,"column":2}},"86":{"start":{"line":206,"column":4},"end":{"line":218,"column":5}},"87":{"start":{"line":207,"column":23},"end":{"line":209,"column":8}},"88":{"start":{"line":210,"column":6},"end":{"line":214,"column":7}},"89":{"start":{"line":211,"column":8},"end":{"line":213,"column":11}},"90":{"start":{"line":215,"column":6},"end":{"line":215,"column":58}},"91":{"start":{"line":217,"column":6},"end":{"line":217,"column":16}},"92":{"start":{"line":223,"column":0},"end":{"line":225,"column":3}},"93":{"start":{"line":224,"column":2},"end":{"line":224,"column":46}},"94":{"start":{"line":228,"column":0},"end":{"line":230,"column":3}},"95":{"start":{"line":229,"column":2},"end":{"line":229,"column":62}},"96":{"start":{"line":233,"column":0},"end":{"line":264,"column":3}},"97":{"start":{"line":234,"column":30},"end":{"line":234,"column":38}},"98":{"start":{"line":236,"column":2},"end":{"line":243,"column":3}},"99":{"start":{"line":237,"column":4},"end":{"line":242,"column":7}},"100":{"start":{"line":245,"column":2},"end":{"line":263,"column":3}},"101":{"start":{"line":246,"column":25},"end":{"line":246,"column":53}},"102":{"start":{"line":247,"column":21},"end":{"line":250,"column":5}},"103":{"start":{"line":252,"column":4},"end":{"line":255,"column":7}},"104":{"start":{"line":257,"column":4},"end":{"line":261,"column":5}},"105":{"start":{"line":258,"column":6},"end":{"line":260,"column":9}},"106":{"start":{"line":262,"column":4},"end":{"line":262,"column":14}},"107":{"start":{"line":266,"column":0},"end":{"line":309,"column":3}},"108":{"start":{"line":267,"column":30},"end":{"line":267,"column":38}},"109":{"start":{"line":269,"column":2},"end":{"line":276,"column":3}},"110":{"start":{"line":270,"column":4},"end":{"line":275,"column":7}},"111":{"start":{"line":278,"column":2},"end":{"line":308,"column":3}},"112":{"start":{"line":279,"column":19},"end":{"line":281,"column":6}},"113":{"start":{"line":283,"column":4},"end":{"line":290,"column":5}},"114":{"start":{"line":284,"column":6},"end":{"line":289,"column":9}},"115":{"start":{"line":292,"column":17},"end":{"line":292,"column":24}},"116":{"start":{"line":293,"column":28},"end":{"line":293,"column":78}},"117":{"start":{"line":295,"column":4},"end":{"line":302,"column":5}},"118":{"start":{"line":296,"column":6},"end":{"line":301,"column":9}},"119":{"start":{"line":304,"column":18},"end":{"line":304,"column":37}},"120":{"start":{"line":305,"column":4},"end":{"line":305,"column":66}},"121":{"start":{"line":307,"column":4},"end":{"line":307,"column":14}},"122":{"start":{"line":312,"column":0},"end":{"line":314,"column":3}},"123":{"start":{"line":313,"column":2},"end":{"line":313,"column":57}},"124":{"start":{"line":318,"column":0},"end":{"line":325,"column":3}},"125":{"start":{"line":319,"column":2},"end":{"line":324,"column":3}},"126":{"start":{"line":320,"column":19},"end":{"line":320,"column":61}},"127":{"start":{"line":321,"column":4},"end":{"line":321,"column":62}},"128":{"start":{"line":323,"column":4},"end":{"line":323,"column":14}},"129":{"start":{"line":328,"column":0},"end":{"line":332,"column":3}},"130":{"start":{"line":329,"column":2},"end":{"line":331,"column":5}},"131":{"start":{"line":335,"column":0},"end":{"line":344,"column":3}},"132":{"start":{"line":336,"column":2},"end":{"line":336,"column":27}},"133":{"start":{"line":337,"column":21},"end":{"line":337,"column":56}},"134":{"start":{"line":338,"column":2},"end":{"line":343,"column":5}},"135":{"start":{"line":347,"column":0},"end":{"line":347,"column":21}}},"fnMap":{"0":{"name":"(anonymous_0)","decl":{"start":{"line":36,"column":18},"end":{"line":36,"column":19}},"loc":{"start":{"line":36,"column":32},"end":{"line":38,"column":1}},"line":36},"1":{"name":"(anonymous_1)","decl":{"start":{"line":45,"column":2},"end":{"line":45,"column":3}},"loc":{"start":{"line":45,"column":28},"end":{"line":79,"column":3}},"line":45},"2":{"name":"(anonymous_2)","decl":{"start":{"line":83,"column":30},"end":{"line":83,"column":31}},"loc":{"start":{"line":83,"column":56},"end":{"line":99,"column":1}},"line":83},"3":{"name":"(anonymous_3)","decl":{"start":{"line":102,"column":27},"end":{"line":102,"column":28}},"loc":{"start":{"line":102,"column":53},"end":{"line":128,"column":1}},"line":102},"4":{"name":"(anonymous_4)","decl":{"start":{"line":131,"column":43},"end":{"line":131,"column":44}},"loc":{"start":{"line":131,"column":69},"end":{"line":184,"column":1}},"line":131},"5":{"name":"(anonymous_5)","decl":{"start":{"line":187,"column":30},"end":{"line":187,"column":31}},"loc":{"start":{"line":187,"column":44},"end":{"line":198,"column":1}},"line":187},"6":{"name":"(anonymous_6)","decl":{"start":{"line":205,"column":2},"end":{"line":205,"column":3}},"loc":{"start":{"line":205,"column":28},"end":{"line":219,"column":3}},"line":205},"7":{"name":"(anonymous_7)","decl":{"start":{"line":223,"column":35},"end":{"line":223,"column":36}},"loc":{"start":{"line":223,"column":49},"end":{"line":225,"column":1}},"line":223},"8":{"name":"(anonymous_8)","decl":{"start":{"line":228,"column":44},"end":{"line":228,"column":45}},"loc":{"start":{"line":228,"column":58},"end":{"line":230,"column":1}},"line":228},"9":{"name":"(anonymous_9)","decl":{"start":{"line":233,"column":32},"end":{"line":233,"column":33}},"loc":{"start":{"line":233,"column":58},"end":{"line":264,"column":1}},"line":233},"10":{"name":"(anonymous_10)","decl":{"start":{"line":266,"column":29},"end":{"line":266,"column":30}},"loc":{"start":{"line":266,"column":55},"end":{"line":309,"column":1}},"line":266},"11":{"name":"(anonymous_11)","decl":{"start":{"line":312,"column":32},"end":{"line":312,"column":33}},"loc":{"start":{"line":312,"column":46},"end":{"line":314,"column":1}},"line":312},"12":{"name":"(anonymous_12)","decl":{"start":{"line":318,"column":26},"end":{"line":318,"column":27}},"loc":{"start":{"line":318,"column":52},"end":{"line":325,"column":1}},"line":318},"13":{"name":"(anonymous_13)","decl":{"start":{"line":328,"column":13},"end":{"line":328,"column":14}},"loc":{"start":{"line":328,"column":27},"end":{"line":332,"column":1}},"line":328},"14":{"name":"(anonymous_14)","decl":{"start":{"line":335,"column":13},"end":{"line":335,"column":14}},"loc":{"start":{"line":335,"column":38},"end":{"line":344,"column":1}},"line":335}},"branchMap":{"0":{"loc":{"start":{"line":54,"column":4},"end":{"line":58,"column":5}},"type":"if","locations":[{"start":{"line":54,"column":4},"end":{"line":58,"column":5}},{"start":{},"end":{}}],"line":54},"1":{"loc":{"start":{"line":89,"column":4},"end":{"line":93,"column":5}},"type":"if","locations":[{"start":{"line":89,"column":4},"end":{"line":93,"column":5}},{"start":{},"end":{}}],"line":89},"2":{"loc":{"start":{"line":112,"column":4},"end":{"line":114,"column":5}},"type":"if","locations":[{"start":{"line":112,"column":4},"end":{"line":114,"column":5}},{"start":{},"end":{}}],"line":112},"3":{"loc":{"start":{"line":112,"column":8},"end":{"line":112,"column":41}},"type":"binary-expr","locations":[{"start":{"line":112,"column":8},"end":{"line":112,"column":19}},{"start":{"line":112,"column":23},"end":{"line":112,"column":41}}],"line":112},"4":{"loc":{"start":{"line":121,"column":4},"end":{"line":125,"column":5}},"type":"if","locations":[{"start":{"line":121,"column":4},"end":{"line":125,"column":5}},{"start":{},"end":{}}],"line":121},"5":{"loc":{"start":{"line":144,"column":4},"end":{"line":149,"column":5}},"type":"if","locations":[{"start":{"line":144,"column":4},"end":{"line":149,"column":5}},{"start":{},"end":{}}],"line":144},"6":{"loc":{"start":{"line":151,"column":4},"end":{"line":156,"column":5}},"type":"if","locations":[{"start":{"line":151,"column":4},"end":{"line":156,"column":5}},{"start":{},"end":{}}],"line":151},"7":{"loc":{"start":{"line":172,"column":4},"end":{"line":179,"column":5}},"type":"if","locations":[{"start":{"line":172,"column":4},"end":{"line":179,"column":5}},{"start":{},"end":{}}],"line":172},"8":{"loc":{"start":{"line":191,"column":2},"end":{"line":195,"column":3}},"type":"if","locations":[{"start":{"line":191,"column":2},"end":{"line":195,"column":3}},{"start":{},"end":{}}],"line":191},"9":{"loc":{"start":{"line":191,"column":6},"end":{"line":191,"column":21}},"type":"binary-expr","locations":[{"start":{"line":191,"column":6},"end":{"line":191,"column":11}},{"start":{"line":191,"column":15},"end":{"line":191,"column":21}}],"line":191},"10":{"loc":{"start":{"line":210,"column":6},"end":{"line":214,"column":7}},"type":"if","locations":[{"start":{"line":210,"column":6},"end":{"line":214,"column":7}},{"start":{},"end":{}}],"line":210},"11":{"loc":{"start":{"line":236,"column":2},"end":{"line":243,"column":3}},"type":"if","locations":[{"start":{"line":236,"column":2},"end":{"line":243,"column":3}},{"start":{},"end":{}}],"line":236},"12":{"loc":{"start":{"line":236,"column":6},"end":{"line":236,"column":25}},"type":"binary-expr","locations":[{"start":{"line":236,"column":6},"end":{"line":236,"column":12}},{"start":{"line":236,"column":16},"end":{"line":236,"column":25}}],"line":236},"13":{"loc":{"start":{"line":257,"column":4},"end":{"line":261,"column":5}},"type":"if","locations":[{"start":{"line":257,"column":4},"end":{"line":261,"column":5}},{"start":{},"end":{}}],"line":257},"14":{"loc":{"start":{"line":269,"column":2},"end":{"line":276,"column":3}},"type":"if","locations":[{"start":{"line":269,"column":2},"end":{"line":276,"column":3}},{"start":{},"end":{}}],"line":269},"15":{"loc":{"start":{"line":269,"column":6},"end":{"line":269,"column":25}},"type":"binary-expr","locations":[{"start":{"line":269,"column":6},"end":{"line":269,"column":12}},{"start":{"line":269,"column":16},"end":{"line":269,"column":25}}],"line":269},"16":{"loc":{"start":{"line":283,"column":4},"end":{"line":290,"column":5}},"type":"if","locations":[{"start":{"line":283,"column":4},"end":{"line":290,"column":5}},{"start":{},"end":{}}],"line":283},"17":{"loc":{"start":{"line":295,"column":4},"end":{"line":302,"column":5}},"type":"if","locations":[{"start":{"line":295,"column":4},"end":{"line":302,"column":5}},{"start":{},"end":{}}],"line":295},"18":{"loc":{"start":{"line":337,"column":21},"end":{"line":337,"column":56}},"type":"binary-expr","locations":[{"start":{"line":337,"column":21},"end":{"line":337,"column":31}},{"start":{"line":337,"column":35},"end":{"line":337,"column":49}},{"start":{"line":337,"column":53},"end":{"line":337,"column":56}}],"line":337},"19":{"loc":{"start":{"line":340,"column":12},"end":{"line":340,"column":78}},"type":"cond-expr","locations":[{"start":{"line":340,"column":33},"end":{"line":340,"column":56}},{"start":{"line":340,"column":59},"end":{"line":340,"column":78}}],"line":340},"20":{"loc":{"start":{"line":340,"column":59},"end":{"line":340,"column":78}},"type":"binary-expr","locations":[{"start":{"line":340,"column":59},"end":{"line":340,"column":67}},{"start":{"line":340,"column":71},"end":{"line":340,"column":78}}],"line":340},"21":{"loc":{"start":{"line":341,"column":15},"end":{"line":341,"column":87}},"type":"cond-expr","locations":[{"start":{"line":341,"column":36},"end":{"line":341,"column":73}},{"start":{"line":341,"column":76},"end":{"line":341,"column":87}}],"line":341}},"s":{"0":2,"1":2,"2":2,"3":2,"4":2,"5":2,"6":2,"7":2,"8":2,"9":2,"10":2,"11":2,"12":2,"13":2,"14":2,"15":2,"16":2,"17":2,"18":2,"19":2,"20":2,"21":0,"22":2,"23":0,"24":0,"25":0,"26":0,"27":0,"28":0,"29":0,"30":0,"31":0,"32":0,"33":0,"34":0,"35":0,"36":0,"37":0,"38":0,"39":2,"40":0,"41":0,"42":0,"43":0,"44":0,"45":0,"46":2,"47":0,"48":0,"49":0,"50":0,"51":0,"52":0,"53":0,"54":0,"55":0,"56":0,"57":2,"58":0,"59":0,"60":0,"61":0,"62":0,"63":0,"64":0,"65":0,"66":0,"67":0,"68":0,"69":0,"70":0,"71":0,"72":0,"73":0,"74":0,"75":0,"76":0,"77":0,"78":0,"79":2,"80":0,"81":0,"82":0,"83":0,"84":0,"85":2,"86":0,"87":0,"88":0,"89":0,"90":0,"91":0,"92":2,"93":0,"94":2,"95":1,"96":2,"97":5,"98":5,"99":1,"100":4,"101":4,"102":4,"103":3,"104":1,"105":1,"106":0,"107":2,"108":5,"109":5,"110":0,"111":5,"112":5,"113":4,"114":2,"115":2,"116":2,"117":2,"118":0,"119":2,"120":2,"121":1,"122":2,"123":0,"124":2,"125":0,"126":0,"127":0,"128":0,"129":2,"130":0,"131":2,"132":1,"133":1,"134":1,"135":2},"f":{"0":0,"1":0,"2":0,"3":0,"4":0,"5":0,"6":0,"7":0,"8":1,"9":5,"10":5,"11":0,"12":0,"13":0,"14":1},"b":{"0":[0,0],"1":[0,0],"2":[0,0],"3":[0,0],"4":[0,0],"5":[0,0],"6":[0,0],"7":[0,0],"8":[0,0],"9":[0,0],"10":[0,0],"11":[1,4],"12":[5,5],"13":[1,0],"14":[0,5],"15":[5,5],"16":[2,2],"17":[0,2],"18":[1,1,1],"19":[1,0],"20":[0,0],"21":[1,0]},"_coverageSchema":"1a1c01bbd47fc00a2c39e90264f33305004495a9","hash":"f98279f838b5515261fb6dbf2679bf245c949128"}
,"D:\\67160041\\student-api\\auth-helpers.js": {"path":"D:\\67160041\\student-api\\auth-helpers.js","statementMap":{"0":{"start":{"line":1,"column":15},"end":{"line":1,"column":32}},"1":{"start":{"line":2,"column":12},"end":{"line":2,"column":35}},"2":{"start":{"line":4,"column":20},"end":{"line":4,"column":22}},"3":{"start":{"line":8,"column":2},"end":{"line":8,"column":55}},"4":{"start":{"line":12,"column":2},"end":{"line":12,"column":61}},"5":{"start":{"line":16,"column":2},"end":{"line":20,"column":4}},"6":{"start":{"line":23,"column":0},"end":{"line":23,"column":65}}},"fnMap":{"0":{"name":"hashPassword","decl":{"start":{"line":6,"column":15},"end":{"line":6,"column":27}},"loc":{"start":{"line":6,"column":43},"end":{"line":9,"column":1}},"line":6},"1":{"name":"verifyPassword","decl":{"start":{"line":11,"column":15},"end":{"line":11,"column":29}},"loc":{"start":{"line":11,"column":61},"end":{"line":13,"column":1}},"line":11},"2":{"name":"generateToken","decl":{"start":{"line":15,"column":9},"end":{"line":15,"column":22}},"loc":{"start":{"line":15,"column":29},"end":{"line":21,"column":1}},"line":15}},"branchMap":{},"s":{"0":3,"1":3,"2":3,"3":8,"4":4,"5":3,"6":3},"f":{"0":8,"1":4,"2":3},"b":{},"_coverageSchema":"1a1c01bbd47fc00a2c39e90264f33305004495a9","hash":"f183534dfe7db89f93a5902c8efc7399f20ee9ce"}
,"D:\\67160041\\student-api\\db.js": {"path":"D:\\67160041\\student-api\\db.js","statementMap":{"0":{"start":{"line":1,"column":14},"end":{"line":1,"column":39}},"1":{"start":{"line":3,"column":13},"end":{"line":11,"column":2}},"2":{"start":{"line":13,"column":0},"end":{"line":13,"column":22}}},"fnMap":{},"branchMap":{},"s":{"0":2,"1":2,"2":2},"f":{},"b":{},"_coverageSchema":"1a1c01bbd47fc00a2c39e90264f33305004495a9","hash":"9f4d18e7166ff43252494b32c5e518b380ca24c7"}
,"D:\\67160041\\student-api\\resolvers.js": {"path":"D:\\67160041\\student-api\\resolvers.js","statementMap":{"0":{"start":{"line":1,"column":15},"end":{"line":18,"column":1}},"1":{"start":{"line":20,"column":14},"end":{"line":23,"column":1}},"2":{"start":{"line":25,"column":20},"end":{"line":25,"column":21}},"3":{"start":{"line":28,"column":2},"end":{"line":31,"column":4}},"4":{"start":{"line":30,"column":35},"end":{"line":30,"column":67}},"5":{"start":{"line":34,"column":13},"end":{"line":121,"column":1}},"6":{"start":{"line":37,"column":20},"end":{"line":37,"column":61}},"7":{"start":{"line":37,"column":41},"end":{"line":37,"column":60}},"8":{"start":{"line":38,"column":4},"end":{"line":38,"column":52}},"9":{"start":{"line":42,"column":17},"end":{"line":42,"column":25}},"10":{"start":{"line":44,"column":4},"end":{"line":46,"column":5}},"11":{"start":{"line":45,"column":6},"end":{"line":45,"column":55}},"12":{"start":{"line":45,"column":36},"end":{"line":45,"column":53}},"13":{"start":{"line":48,"column":4},"end":{"line":50,"column":5}},"14":{"start":{"line":49,"column":6},"end":{"line":49,"column":72}},"15":{"start":{"line":49,"column":42},"end":{"line":49,"column":70}},"16":{"start":{"line":52,"column":4},"end":{"line":52,"column":38}},"17":{"start":{"line":55,"column":22},"end":{"line":55,"column":37}},"18":{"start":{"line":57,"column":22},"end":{"line":57,"column":70}},"19":{"start":{"line":57,"column":42},"end":{"line":57,"column":61}},"20":{"start":{"line":60,"column":4},"end":{"line":62,"column":5}},"21":{"start":{"line":61,"column":6},"end":{"line":61,"column":21}},"22":{"start":{"line":63,"column":4},"end":{"line":63,"column":56}},"23":{"start":{"line":63,"column":33},"end":{"line":63,"column":54}},"24":{"start":{"line":67,"column":25},"end":{"line":67,"column":46}},"25":{"start":{"line":68,"column":4},"end":{"line":74,"column":27}},"26":{"start":{"line":71,"column":10},"end":{"line":72,"column":54}},"27":{"start":{"line":79,"column":23},"end":{"line":86,"column":5}},"28":{"start":{"line":87,"column":4},"end":{"line":87,"column":30}},"29":{"start":{"line":88,"column":4},"end":{"line":88,"column":38}},"30":{"start":{"line":93,"column":20},"end":{"line":93,"column":61}},"31":{"start":{"line":93,"column":41},"end":{"line":93,"column":60}},"32":{"start":{"line":95,"column":4},"end":{"line":97,"column":5}},"33":{"start":{"line":96,"column":6},"end":{"line":96,"column":18}},"34":{"start":{"line":99,"column":4},"end":{"line":99,"column":60}},"35":{"start":{"line":99,"column":34},"end":{"line":99,"column":60}},"36":{"start":{"line":100,"column":4},"end":{"line":100,"column":63}},"37":{"start":{"line":100,"column":35},"end":{"line":100,"column":63}},"38":{"start":{"line":101,"column":4},"end":{"line":101,"column":63}},"39":{"start":{"line":101,"column":35},"end":{"line":101,"column":63}},"40":{"start":{"line":102,"column":4},"end":{"line":102,"column":63}},"41":{"start":{"line":102,"column":35},"end":{"line":102,"column":63}},"42":{"start":{"line":103,"column":4},"end":{"line":105,"column":5}},"43":{"start":{"line":104,"column":6},"end":{"line":104,"column":54}},"44":{"start":{"line":107,"column":4},"end":{"line":107,"column":35}},"45":{"start":{"line":112,"column":18},"end":{"line":112,"column":64}},"46":{"start":{"line":112,"column":44},"end":{"line":112,"column":63}},"47":{"start":{"line":114,"column":4},"end":{"line":116,"column":5}},"48":{"start":{"line":115,"column":6},"end":{"line":115,"column":76}},"49":{"start":{"line":118,"column":4},"end":{"line":118,"column":30}},"50":{"start":{"line":119,"column":4},"end":{"line":119,"column":64}},"51":{"start":{"line":123,"column":0},"end":{"line":123,"column":22}}},"fnMap":{"0":{"name":"resolveStudent","decl":{"start":{"line":27,"column":9},"end":{"line":27,"column":23}},"loc":{"start":{"line":27,"column":33},"end":{"line":32,"column":1}},"line":27},"1":{"name":"(anonymous_1)","decl":{"start":{"line":30,"column":28},"end":{"line":30,"column":29}},"loc":{"start":{"line":30,"column":35},"end":{"line":30,"column":67}},"line":30},"2":{"name":"(anonymous_2)","decl":{"start":{"line":36,"column":11},"end":{"line":36,"column":12}},"loc":{"start":{"line":36,"column":23},"end":{"line":39,"column":3}},"line":36},"3":{"name":"(anonymous_3)","decl":{"start":{"line":37,"column":34},"end":{"line":37,"column":35}},"loc":{"start":{"line":37,"column":41},"end":{"line":37,"column":60}},"line":37},"4":{"name":"(anonymous_4)","decl":{"start":{"line":41,"column":12},"end":{"line":41,"column":13}},"loc":{"start":{"line":41,"column":35},"end":{"line":53,"column":3}},"line":41},"5":{"name":"(anonymous_5)","decl":{"start":{"line":45,"column":29},"end":{"line":45,"column":30}},"loc":{"start":{"line":45,"column":36},"end":{"line":45,"column":53}},"line":45},"6":{"name":"(anonymous_6)","decl":{"start":{"line":49,"column":32},"end":{"line":49,"column":33}},"loc":{"start":{"line":49,"column":42},"end":{"line":49,"column":70}},"line":49},"7":{"name":"(anonymous_7)","decl":{"start":{"line":55,"column":16},"end":{"line":55,"column":17}},"loc":{"start":{"line":55,"column":22},"end":{"line":55,"column":37}},"line":55},"8":{"name":"(anonymous_8)","decl":{"start":{"line":57,"column":10},"end":{"line":57,"column":11}},"loc":{"start":{"line":57,"column":22},"end":{"line":57,"column":70}},"line":57},"9":{"name":"(anonymous_9)","decl":{"start":{"line":57,"column":35},"end":{"line":57,"column":36}},"loc":{"start":{"line":57,"column":42},"end":{"line":57,"column":61}},"line":57},"10":{"name":"(anonymous_10)","decl":{"start":{"line":59,"column":11},"end":{"line":59,"column":12}},"loc":{"start":{"line":59,"column":30},"end":{"line":64,"column":3}},"line":59},"11":{"name":"(anonymous_11)","decl":{"start":{"line":63,"column":26},"end":{"line":63,"column":27}},"loc":{"start":{"line":63,"column":33},"end":{"line":63,"column":54}},"line":63},"12":{"name":"(anonymous_12)","decl":{"start":{"line":66,"column":18},"end":{"line":66,"column":19}},"loc":{"start":{"line":66,"column":35},"end":{"line":75,"column":3}},"line":66},"13":{"name":"(anonymous_13)","decl":{"start":{"line":70,"column":8},"end":{"line":70,"column":9}},"loc":{"start":{"line":71,"column":10},"end":{"line":72,"column":54}},"line":71},"14":{"name":"(anonymous_14)","decl":{"start":{"line":78,"column":17},"end":{"line":78,"column":18}},"loc":{"start":{"line":78,"column":32},"end":{"line":89,"column":3}},"line":78},"15":{"name":"(anonymous_15)","decl":{"start":{"line":92,"column":17},"end":{"line":92,"column":18}},"loc":{"start":{"line":92,"column":36},"end":{"line":108,"column":3}},"line":92},"16":{"name":"(anonymous_16)","decl":{"start":{"line":93,"column":34},"end":{"line":93,"column":35}},"loc":{"start":{"line":93,"column":41},"end":{"line":93,"column":60}},"line":93},"17":{"name":"(anonymous_17)","decl":{"start":{"line":111,"column":17},"end":{"line":111,"column":18}},"loc":{"start":{"line":111,"column":29},"end":{"line":120,"column":3}},"line":111},"18":{"name":"(anonymous_18)","decl":{"start":{"line":112,"column":37},"end":{"line":112,"column":38}},"loc":{"start":{"line":112,"column":44},"end":{"line":112,"column":63}},"line":112}},"branchMap":{"0":{"loc":{"start":{"line":38,"column":11},"end":{"line":38,"column":51}},"type":"cond-expr","locations":[{"start":{"line":38,"column":21},"end":{"line":38,"column":44}},{"start":{"line":38,"column":47},"end":{"line":38,"column":51}}],"line":38},"1":{"loc":{"start":{"line":44,"column":4},"end":{"line":46,"column":5}},"type":"if","locations":[{"start":{"line":44,"column":4},"end":{"line":46,"column":5}},{"start":{},"end":{}}],"line":44},"2":{"loc":{"start":{"line":48,"column":4},"end":{"line":50,"column":5}},"type":"if","locations":[{"start":{"line":48,"column":4},"end":{"line":50,"column":5}},{"start":{},"end":{}}],"line":48},"3":{"loc":{"start":{"line":57,"column":22},"end":{"line":57,"column":70}},"type":"binary-expr","locations":[{"start":{"line":57,"column":22},"end":{"line":57,"column":62}},{"start":{"line":57,"column":66},"end":{"line":57,"column":70}}],"line":57},"4":{"loc":{"start":{"line":60,"column":4},"end":{"line":62,"column":5}},"type":"if","locations":[{"start":{"line":60,"column":4},"end":{"line":62,"column":5}},{"start":{},"end":{}}],"line":60},"5":{"loc":{"start":{"line":60,"column":8},"end":{"line":60,"column":53}},"type":"binary-expr","locations":[{"start":{"line":60,"column":8},"end":{"line":60,"column":31}},{"start":{"line":60,"column":35},"end":{"line":60,"column":53}}],"line":60},"6":{"loc":{"start":{"line":71,"column":10},"end":{"line":72,"column":54}},"type":"binary-expr","locations":[{"start":{"line":71,"column":10},"end":{"line":71,"column":53}},{"start":{"line":72,"column":10},"end":{"line":72,"column":54}}],"line":71},"7":{"loc":{"start":{"line":85,"column":18},"end":{"line":85,"column":39}},"type":"binary-expr","locations":[{"start":{"line":85,"column":18},"end":{"line":85,"column":33}},{"start":{"line":85,"column":37},"end":{"line":85,"column":39}}],"line":85},"8":{"loc":{"start":{"line":95,"column":4},"end":{"line":97,"column":5}},"type":"if","locations":[{"start":{"line":95,"column":4},"end":{"line":97,"column":5}},{"start":{},"end":{}}],"line":95},"9":{"loc":{"start":{"line":99,"column":4},"end":{"line":99,"column":60}},"type":"if","locations":[{"start":{"line":99,"column":4},"end":{"line":99,"column":60}},{"start":{},"end":{}}],"line":99},"10":{"loc":{"start":{"line":100,"column":4},"end":{"line":100,"column":63}},"type":"if","locations":[{"start":{"line":100,"column":4},"end":{"line":100,"column":63}},{"start":{},"end":{}}],"line":100},"11":{"loc":{"start":{"line":101,"column":4},"end":{"line":101,"column":63}},"type":"if","locations":[{"start":{"line":101,"column":4},"end":{"line":101,"column":63}},{"start":{},"end":{}}],"line":101},"12":{"loc":{"start":{"line":102,"column":4},"end":{"line":102,"column":63}},"type":"if","locations":[{"start":{"line":102,"column":4},"end":{"line":102,"column":63}},{"start":{},"end":{}}],"line":102},"13":{"loc":{"start":{"line":103,"column":4},"end":{"line":105,"column":5}},"type":"if","locations":[{"start":{"line":103,"column":4},"end":{"line":105,"column":5}},{"start":{},"end":{}}],"line":103},"14":{"loc":{"start":{"line":114,"column":4},"end":{"line":116,"column":5}},"type":"if","locations":[{"start":{"line":114,"column":4},"end":{"line":116,"column":5}},{"start":{},"end":{}}],"line":114}},"s":{"0":2,"1":2,"2":2,"3":0,"4":0,"5":2,"6":0,"7":0,"8":0,"9":0,"10":0,"11":0,"12":0,"13":0,"14":0,"15":0,"16":0,"17":0,"18":0,"19":0,"20":0,"21":0,"22":0,"23":0,"24":0,"25":0,"26":0,"27":0,"28":0,"29":0,"30":0,"31":0,"32":0,"33":0,"34":0,"35":0,"36":0,"37":0,"38":0,"39":0,"40":0,"41":0,"42":0,"43":0,"44":0,"45":0,"46":0,"47":0,"48":0,"49":0,"50":0,"51":2},"f":{"0":0,"1":0,"2":0,"3":0,"4":0,"5":0,"6":0,"7":0,"8":0,"9":0,"10":0,"11":0,"12":0,"13":0,"14":0,"15":0,"16":0,"17":0,"18":0},"b":{"0":[0,0],"1":[0,0],"2":[0,0],"3":[0,0],"4":[0,0],"5":[0,0],"6":[0,0],"7":[0,0],"8":[0,0],"9":[0,0],"10":[0,0],"11":[0,0],"12":[0,0],"13":[0,0],"14":[0,0]},"_coverageSchema":"1a1c01bbd47fc00a2c39e90264f33305004495a9","hash":"c0d6ba233e0aa316250f464de159e944ef0ecd2a"}
,"D:\\67160041\\student-api\\schema.js": {"path":"D:\\67160041\\student-api\\schema.js","statementMap":{"0":{"start":{"line":1,"column":24},"end":{"line":1,"column":42}},"1":{"start":{"line":3,"column":15},"end":{"line":54,"column":2}},"2":{"start":{"line":56,"column":0},"end":{"line":56,"column":24}}},"fnMap":{},"branchMap":{},"s":{"0":2,"1":2,"2":2},"f":{},"b":{},"_coverageSchema":"1a1c01bbd47fc00a2c39e90264f33305004495a9","hash":"f004ea27b507c0723833c64cedb607a58d6bc5b4"}
,"D:\\67160041\\student-api\\middlewares\\auth.js": {"path":"D:\\67160041\\student-api\\middlewares\\auth.js","statementMap":{"0":{"start":{"line":1,"column":12},"end":{"line":1,"column":35}},"1":{"start":{"line":4,"column":21},"end":{"line":4,"column":49}},"2":{"start":{"line":5,"column":16},"end":{"line":5,"column":54}},"3":{"start":{"line":7,"column":2},"end":{"line":11,"column":3}},"4":{"start":{"line":8,"column":4},"end":{"line":10,"column":7}},"5":{"start":{"line":13,"column":2},"end":{"line":20,"column":3}},"6":{"start":{"line":14,"column":4},"end":{"line":14,"column":57}},"7":{"start":{"line":15,"column":4},"end":{"line":15,"column":11}},"8":{"start":{"line":17,"column":4},"end":{"line":19,"column":7}},"9":{"start":{"line":24,"column":2},"end":{"line":40,"column":4}},"10":{"start":{"line":25,"column":4},"end":{"line":29,"column":5}},"11":{"start":{"line":26,"column":6},"end":{"line":28,"column":9}},"12":{"start":{"line":31,"column":4},"end":{"line":38,"column":5}},"13":{"start":{"line":32,"column":6},"end":{"line":37,"column":9}},"14":{"start":{"line":39,"column":4},"end":{"line":39,"column":11}},"15":{"start":{"line":43,"column":0},"end":{"line":43,"column":54}}},"fnMap":{"0":{"name":"authenticateToken","decl":{"start":{"line":3,"column":9},"end":{"line":3,"column":26}},"loc":{"start":{"line":3,"column":43},"end":{"line":21,"column":1}},"line":3},"1":{"name":"authorizeRole","decl":{"start":{"line":23,"column":9},"end":{"line":23,"column":22}},"loc":{"start":{"line":23,"column":40},"end":{"line":41,"column":1}},"line":23},"2":{"name":"(anonymous_2)","decl":{"start":{"line":24,"column":9},"end":{"line":24,"column":10}},"loc":{"start":{"line":24,"column":29},"end":{"line":40,"column":3}},"line":24}},"branchMap":{"0":{"loc":{"start":{"line":5,"column":16},"end":{"line":5,"column":54}},"type":"binary-expr","locations":[{"start":{"line":5,"column":16},"end":{"line":5,"column":26}},{"start":{"line":5,"column":30},"end":{"line":5,"column":54}}],"line":5},"1":{"loc":{"start":{"line":7,"column":2},"end":{"line":11,"column":3}},"type":"if","locations":[{"start":{"line":7,"column":2},"end":{"line":11,"column":3}},{"start":{},"end":{}}],"line":7},"2":{"loc":{"start":{"line":25,"column":4},"end":{"line":29,"column":5}},"type":"if","locations":[{"start":{"line":25,"column":4},"end":{"line":29,"column":5}},{"start":{},"end":{}}],"line":25},"3":{"loc":{"start":{"line":31,"column":4},"end":{"line":38,"column":5}},"type":"if","locations":[{"start":{"line":31,"column":4},"end":{"line":38,"column":5}},{"start":{},"end":{}}],"line":31}},"s":{"0":2,"1":2,"2":2,"3":2,"4":1,"5":1,"6":1,"7":1,"8":0,"9":2,"10":0,"11":0,"12":0,"13":0,"14":0,"15":2},"f":{"0":2,"1":2,"2":0},"b":{"0":[2,1],"1":[1,1],"2":[0,0],"3":[0,0]},"_coverageSchema":"1a1c01bbd47fc00a2c39e90264f33305004495a9","hash":"6732843b19b46fdc5f823d65cd34acc56d916811"}
,"D:\\67160041\\student-api\\middlewares\\query-parser.js": {"path":"D:\\67160041\\student-api\\middlewares\\query-parser.js","statementMap":{"0":{"start":{"line":2,"column":2},"end":{"line":5,"column":4}},"1":{"start":{"line":6,"column":2},"end":{"line":6,"column":75}},"2":{"start":{"line":7,"column":2},"end":{"line":7,"column":9}},"3":{"start":{"line":12,"column":28},"end":{"line":12,"column":65}},"4":{"start":{"line":15,"column":2},"end":{"line":18,"column":4}},"5":{"start":{"line":19,"column":2},"end":{"line":19,"column":9}},"6":{"start":{"line":22,"column":0},"end":{"line":22,"column":48}}},"fnMap":{"0":{"name":"parsePagination","decl":{"start":{"line":1,"column":9},"end":{"line":1,"column":24}},"loc":{"start":{"line":1,"column":41},"end":{"line":8,"column":1}},"line":1},"1":{"name":"parseSort","decl":{"start":{"line":14,"column":9},"end":{"line":14,"column":18}},"loc":{"start":{"line":14,"column":35},"end":{"line":20,"column":1}},"line":14}},"branchMap":{"0":{"loc":{"start":{"line":3,"column":22},"end":{"line":3,"column":51}},"type":"binary-expr","locations":[{"start":{"line":3,"column":22},"end":{"line":3,"column":46}},{"start":{"line":3,"column":50},"end":{"line":3,"column":51}}],"line":3},"1":{"loc":{"start":{"line":4,"column":25},"end":{"line":4,"column":56}},"type":"binary-expr","locations":[{"start":{"line":4,"column":25},"end":{"line":4,"column":50}},{"start":{"line":4,"column":54},"end":{"line":4,"column":56}}],"line":4},"2":{"loc":{"start":{"line":16,"column":11},"end":{"line":16,"column":79}},"type":"cond-expr","locations":[{"start":{"line":16,"column":58},"end":{"line":16,"column":72}},{"start":{"line":16,"column":75},"end":{"line":16,"column":79}}],"line":16},"3":{"loc":{"start":{"line":17,"column":11},"end":{"line":17,"column":54}},"type":"cond-expr","locations":[{"start":{"line":17,"column":40},"end":{"line":17,"column":46}},{"start":{"line":17,"column":49},"end":{"line":17,"column":54}}],"line":17}},"s":{"0":0,"1":0,"2":0,"3":2,"4":0,"5":0,"6":2},"f":{"0":0,"1":0},"b":{"0":[0,0],"1":[0,0],"2":[0,0],"3":[0,0]},"_coverageSchema":"1a1c01bbd47fc00a2c39e90264f33305004495a9","hash":"18bf20b184efe46ba0aec4ab109f4301fe57a0ce"}
}
