{"D:\\67160041\\student-api\\app.js": {"path":"D:\\67160041\\student-api\\app.js","statementMap":{"0":{"start":{"line":1,"column":0},"end":{"line":1,"column":27}},"1":{"start":{"line":3,"column":16},"end":{"line":3,"column":34}},"2":{"start":{"line":4,"column":15},"end":{"line":4,"column":32}},"3":{"start":{"line":5,"column":13},"end":{"line":5,"column":28}},"4":{"start":{"line":6,"column":15},"end":{"line":6,"column":32}},"5":{"start":{"line":7,"column":13},"end":{"line":7,"column":28}},"6":{"start":{"line":8,"column":45},"end":{"line":8,"column":74}},"7":{"start":{"line":9,"column":39},"end":{"line":9,"column":76}},"8":{"start":{"line":10,"column":56},"end":{"line":10,"column":81}},"9":{"start":{"line":12,"column":15},"end":{"line":12,"column":34}},"10":{"start":{"line":13,"column":13},"end":{"line":13,"column":35}},"11":{"start":{"line":15,"column":12},"end":{"line":15,"column":21}},"12":{"start":{"line":16,"column":17},"end":{"line":16,"column":33}},"13":{"start":{"line":17,"column":17},"end":{"line":17,"column":33}},"14":{"start":{"line":20,"column":0},"end":{"line":20,"column":18}},"15":{"start":{"line":21,"column":0},"end":{"line":26,"column":2}},"16":{"start":{"line":27,"column":0},"end":{"line":27,"column":23}},"17":{"start":{"line":28,"column":0},"end":{"line":28,"column":41}},"18":{"start":{"line":31,"column":0},"end":{"line":31,"column":29}},"19":{"start":{"line":32,"column":0},"end":{"line":32,"column":29}},"20":{"start":{"line":36,"column":0},"end":{"line":38,"column":3}},"21":{"start":{"line":37,"column":2},"end":{"line":37,"column":70}},"22":{"start":{"line":41,"column":0},"end":{"line":80,"column":2}},"23":{"start":{"line":46,"column":22},"end":{"line":46,"column":31}},"24":{"start":{"line":47,"column":36},"end":{"line":47,"column":50}},"25":{"start":{"line":48,"column":29},"end":{"line":48,"column":37}},"26":{"start":{"line":50,"column":20},"end":{"line":50,"column":44}},"27":{"start":{"line":51,"column":21},"end":{"line":51,"column":61}},"28":{"start":{"line":52,"column":19},"end":{"line":52,"column":21}},"29":{"start":{"line":54,"column":4},"end":{"line":58,"column":5}},"30":{"start":{"line":55,"column":6},"end":{"line":55,"column":38}},"31":{"start":{"line":56,"column":6},"end":{"line":56,"column":39}},"32":{"start":{"line":57,"column":6},"end":{"line":57,"column":25}},"33":{"start":{"line":60,"column":4},"end":{"line":60,"column":64}},"34":{"start":{"line":62,"column":4},"end":{"line":78,"column":5}},"35":{"start":{"line":63,"column":21},"end":{"line":63,"column":76}},"36":{"start":{"line":64,"column":28},"end":{"line":64,"column":64}},"37":{"start":{"line":66,"column":6},"end":{"line":75,"column":9}},"38":{"start":{"line":77,"column":6},"end":{"line":77,"column":16}},"39":{"start":{"line":83,"column":0},"end":{"line":99,"column":3}},"40":{"start":{"line":84,"column":2},"end":{"line":98,"column":3}},"41":{"start":{"line":85,"column":19},"end":{"line":87,"column":6}},"42":{"start":{"line":89,"column":4},"end":{"line":93,"column":5}},"43":{"start":{"line":90,"column":6},"end":{"line":92,"column":9}},"44":{"start":{"line":95,"column":4},"end":{"line":95,"column":63}},"45":{"start":{"line":97,"column":4},"end":{"line":97,"column":14}},"46":{"start":{"line":131,"column":0},"end":{"line":184,"column":3}},"47":{"start":{"line":132,"column":20},"end":{"line":132,"column":33}},"48":{"start":{"line":133,"column":23},"end":{"line":133,"column":31}},"49":{"start":{"line":134,"column":21},"end":{"line":134,"column":47}},"50":{"start":{"line":136,"column":2},"end":{"line":183,"column":3}},"51":{"start":{"line":137,"column":4},"end":{"line":137,"column":40}},"52":{"start":{"line":139,"column":25},"end":{"line":142,"column":5}},"53":{"start":{"line":144,"column":4},"end":{"line":149,"column":5}},"54":{"start":{"line":145,"column":6},"end":{"line":145,"column":34}},"55":{"start":{"line":146,"column":6},"end":{"line":148,"column":9}},"56":{"start":{"line":151,"column":4},"end":{"line":156,"column":5}},"57":{"start":{"line":152,"column":6},"end":{"line":152,"column":34}},"58":{"start":{"line":153,"column":6},"end":{"line":155,"column":9}},"59":{"start":{"line":158,"column":4},"end":{"line":161,"column":6}},"60":{"start":{"line":163,"column":4},"end":{"line":166,"column":6}},"61":{"start":{"line":168,"column":4},"end":{"line":168,"column":30}},"62":{"start":{"line":169,"column":4},"end":{"line":169,"column":57}},"63":{"start":{"line":171,"column":4},"end":{"line":171,"column":32}},"64":{"start":{"line":172,"column":4},"end":{"line":179,"column":5}},"65":{"start":{"line":173,"column":6},"end":{"line":178,"column":9}},"66":{"start":{"line":180,"column":4},"end":{"line":180,"column":14}},"67":{"start":{"line":182,"column":4},"end":{"line":182,"column":25}},"68":{"start":{"line":201,"column":0},"end":{"line":220,"column":2}},"69":{"start":{"line":206,"column":4},"end":{"line":218,"column":5}},"70":{"start":{"line":207,"column":23},"end":{"line":209,"column":8}},"71":{"start":{"line":210,"column":6},"end":{"line":214,"column":7}},"72":{"start":{"line":211,"column":8},"end":{"line":213,"column":11}},"73":{"start":{"line":215,"column":6},"end":{"line":215,"column":58}},"74":{"start":{"line":217,"column":6},"end":{"line":217,"column":16}},"75":{"start":{"line":223,"column":0},"end":{"line":225,"column":3}},"76":{"start":{"line":224,"column":2},"end":{"line":224,"column":46}},"77":{"start":{"line":228,"column":0},"end":{"line":230,"column":3}},"78":{"start":{"line":229,"column":2},"end":{"line":229,"column":62}},"79":{"start":{"line":233,"column":0},"end":{"line":264,"column":3}},"80":{"start":{"line":234,"column":30},"end":{"line":234,"column":38}},"81":{"start":{"line":236,"column":2},"end":{"line":243,"column":3}},"82":{"start":{"line":237,"column":4},"end":{"line":242,"column":7}},"83":{"start":{"line":245,"column":2},"end":{"line":263,"column":3}},"84":{"start":{"line":246,"column":25},"end":{"line":246,"column":53}},"85":{"start":{"line":247,"column":21},"end":{"line":250,"column":5}},"86":{"start":{"line":252,"column":4},"end":{"line":255,"column":7}},"87":{"start":{"line":257,"column":4},"end":{"line":261,"column":5}},"88":{"start":{"line":258,"column":6},"end":{"line":260,"column":9}},"89":{"start":{"line":262,"column":4},"end":{"line":262,"column":14}},"90":{"start":{"line":266,"column":0},"end":{"line":309,"column":3}},"91":{"start":{"line":267,"column":30},"end":{"line":267,"column":38}},"92":{"start":{"line":269,"column":2},"end":{"line":276,"column":3}},"93":{"start":{"line":270,"column":4},"end":{"line":275,"column":7}},"94":{"start":{"line":278,"column":2},"end":{"line":308,"column":3}},"95":{"start":{"line":279,"column":19},"end":{"line":281,"column":6}},"96":{"start":{"line":283,"column":4},"end":{"line":290,"column":5}},"97":{"start":{"line":284,"column":6},"end":{"line":289,"column":9}},"98":{"start":{"line":292,"column":17},"end":{"line":292,"column":24}},"99":{"start":{"line":293,"column":28},"end":{"line":293,"column":78}},"100":{"start":{"line":295,"column":4},"end":{"line":302,"column":5}},"101":{"start":{"line":296,"column":6},"end":{"line":301,"column":9}},"102":{"start":{"line":304,"column":18},"end":{"line":304,"column":37}},"103":{"start":{"line":305,"column":4},"end":{"line":305,"column":66}},"104":{"start":{"line":307,"column":4},"end":{"line":307,"column":14}},"105":{"start":{"line":312,"column":0},"end":{"line":314,"column":3}},"106":{"start":{"line":313,"column":2},"end":{"line":313,"column":57}},"107":{"start":{"line":318,"column":0},"end":{"line":325,"column":3}},"108":{"start":{"line":319,"column":2},"end":{"line":324,"column":3}},"109":{"start":{"line":320,"column":19},"end":{"line":320,"column":61}},"110":{"start":{"line":321,"column":4},"end":{"line":321,"column":62}},"111":{"start":{"line":323,"column":4},"end":{"line":323,"column":14}},"112":{"start":{"line":328,"column":0},"end":{"line":332,"column":3}},"113":{"start":{"line":329,"column":2},"end":{"line":331,"column":5}},"114":{"start":{"line":335,"column":0},"end":{"line":344,"column":3}},"115":{"start":{"line":336,"column":2},"end":{"line":336,"column":27}},"116":{"start":{"line":337,"column":21},"end":{"line":337,"column":56}},"117":{"start":{"line":338,"column":2},"end":{"line":343,"column":5}},"118":{"start":{"line":347,"column":0},"end":{"line":347,"column":21}}},"fnMap":{"0":{"name":"(anonymous_0)","decl":{"start":{"line":36,"column":18},"end":{"line":36,"column":19}},"loc":{"start":{"line":36,"column":32},"end":{"line":38,"column":1}},"line":36},"1":{"name":"(anonymous_1)","decl":{"start":{"line":45,"column":2},"end":{"line":45,"column":3}},"loc":{"start":{"line":45,"column":28},"end":{"line":79,"column":3}},"line":45},"2":{"name":"(anonymous_2)","decl":{"start":{"line":83,"column":30},"end":{"line":83,"column":31}},"loc":{"start":{"line":83,"column":56},"end":{"line":99,"column":1}},"line":83},"3":{"name":"(anonymous_3)","decl":{"start":{"line":131,"column":43},"end":{"line":131,"column":44}},"loc":{"start":{"line":131,"column":69},"end":{"line":184,"column":1}},"line":131},"4":{"name":"(anonymous_4)","decl":{"start":{"line":205,"column":2},"end":{"line":205,"column":3}},"loc":{"start":{"line":205,"column":28},"end":{"line":219,"column":3}},"line":205},"5":{"name":"(anonymous_5)","decl":{"start":{"line":223,"column":35},"end":{"line":223,"column":36}},"loc":{"start":{"line":223,"column":49},"end":{"line":225,"column":1}},"line":223},"6":{"name":"(anonymous_6)","decl":{"start":{"line":228,"column":44},"end":{"line":228,"column":45}},"loc":{"start":{"line":228,"column":58},"end":{"line":230,"column":1}},"line":228},"7":{"name":"(anonymous_7)","decl":{"start":{"line":233,"column":32},"end":{"line":233,"column":33}},"loc":{"start":{"line":233,"column":58},"end":{"line":264,"column":1}},"line":233},"8":{"name":"(anonymous_8)","decl":{"start":{"line":266,"column":29},"end":{"line":266,"column":30}},"loc":{"start":{"line":266,"column":55},"end":{"line":309,"column":1}},"line":266},"9":{"name":"(anonymous_9)","decl":{"start":{"line":312,"column":32},"end":{"line":312,"column":33}},"loc":{"start":{"line":312,"column":46},"end":{"line":314,"column":1}},"line":312},"10":{"name":"(anonymous_10)","decl":{"start":{"line":318,"column":26},"end":{"line":318,"column":27}},"loc":{"start":{"line":318,"column":52},"end":{"line":325,"column":1}},"line":318},"11":{"name":"(anonymous_11)","decl":{"start":{"line":328,"column":13},"end":{"line":328,"column":14}},"loc":{"start":{"line":328,"column":27},"end":{"line":332,"column":1}},"line":328},"12":{"name":"(anonymous_12)","decl":{"start":{"line":335,"column":13},"end":{"line":335,"column":14}},"loc":{"start":{"line":335,"column":38},"end":{"line":344,"column":1}},"line":335}},"branchMap":{"0":{"loc":{"start":{"line":54,"column":4},"end":{"line":58,"column":5}},"type":"if","locations":[{"start":{"line":54,"column":4},"end":{"line":58,"column":5}},{"start":{},"end":{}}],"line":54},"1":{"loc":{"start":{"line":89,"column":4},"end":{"line":93,"column":5}},"type":"if","locations":[{"start":{"line":89,"column":4},"end":{"line":93,"column":5}},{"start":{},"end":{}}],"line":89},"2":{"loc":{"start":{"line":144,"column":4},"end":{"line":149,"column":5}},"type":"if","locations":[{"start":{"line":144,"column":4},"end":{"line":149,"column":5}},{"start":{},"end":{}}],"line":144},"3":{"loc":{"start":{"line":151,"column":4},"end":{"line":156,"column":5}},"type":"if","locations":[{"start":{"line":151,"column":4},"end":{"line":156,"column":5}},{"start":{},"end":{}}],"line":151},"4":{"loc":{"start":{"line":172,"column":4},"end":{"line":179,"column":5}},"type":"if","locations":[{"start":{"line":172,"column":4},"end":{"line":179,"column":5}},{"start":{},"end":{}}],"line":172},"5":{"loc":{"start":{"line":210,"column":6},"end":{"line":214,"column":7}},"type":"if","locations":[{"start":{"line":210,"column":6},"end":{"line":214,"column":7}},{"start":{},"end":{}}],"line":210},"6":{"loc":{"start":{"line":236,"column":2},"end":{"line":243,"column":3}},"type":"if","locations":[{"start":{"line":236,"column":2},"end":{"line":243,"column":3}},{"start":{},"end":{}}],"line":236},"7":{"loc":{"start":{"line":236,"column":6},"end":{"line":236,"column":25}},"type":"binary-expr","locations":[{"start":{"line":236,"column":6},"end":{"line":236,"column":12}},{"start":{"line":236,"column":16},"end":{"line":236,"column":25}}],"line":236},"8":{"loc":{"start":{"line":257,"column":4},"end":{"line":261,"column":5}},"type":"if","locations":[{"start":{"line":257,"column":4},"end":{"line":261,"column":5}},{"start":{},"end":{}}],"line":257},"9":{"loc":{"start":{"line":269,"column":2},"end":{"line":276,"column":3}},"type":"if","locations":[{"start":{"line":269,"column":2},"end":{"line":276,"column":3}},{"start":{},"end":{}}],"line":269},"10":{"loc":{"start":{"line":269,"column":6},"end":{"line":269,"column":25}},"type":"binary-expr","locations":[{"start":{"line":269,"column":6},"end":{"line":269,"column":12}},{"start":{"line":269,"column":16},"end":{"line":269,"column":25}}],"line":269},"11":{"loc":{"start":{"line":283,"column":4},"end":{"line":290,"column":5}},"type":"if","locations":[{"start":{"line":283,"column":4},"end":{"line":290,"column":5}},{"start":{},"end":{}}],"line":283},"12":{"loc":{"start":{"line":295,"column":4},"end":{"line":302,"column":5}},"type":"if","locations":[{"start":{"line":295,"column":4},"end":{"line":302,"column":5}},{"start":{},"end":{}}],"line":295},"13":{"loc":{"start":{"line":337,"column":21},"end":{"line":337,"column":56}},"type":"binary-expr","locations":[{"start":{"line":337,"column":21},"end":{"line":337,"column":31}},{"start":{"line":337,"column":35},"end":{"line":337,"column":49}},{"start":{"line":337,"column":53},"end":{"line":337,"column":56}}],"line":337},"14":{"loc":{"start":{"line":340,"column":12},"end":{"line":340,"column":78}},"type":"cond-expr","locations":[{"start":{"line":340,"column":33},"end":{"line":340,"column":56}},{"start":{"line":340,"column":59},"end":{"line":340,"column":78}}],"line":340},"15":{"loc":{"start":{"line":340,"column":59},"end":{"line":340,"column":78}},"type":"binary-expr","locations":[{"start":{"line":340,"column":59},"end":{"line":340,"column":67}},{"start":{"line":340,"column":71},"end":{"line":340,"column":78}}],"line":340},"16":{"loc":{"start":{"line":341,"column":15},"end":{"line":341,"column":87}},"type":"cond-expr","locations":[{"start":{"line":341,"column":36},"end":{"line":341,"column":73}},{"start":{"line":341,"column":76},"end":{"line":341,"column":87}}],"line":341}},"s":{"0":3,"1":3,"2":3,"3":3,"4":3,"5":3,"6":3,"7":3,"8":3,"9":3,"10":3,"11":3,"12":3,"13":3,"14":3,"15":3,"16":3,"17":3,"18":3,"19":3,"20":3,"21":1,"22":3,"23":2,"24":2,"25":2,"26":2,"27":2,"28":2,"29":2,"30":1,"31":1,"32":1,"33":2,"34":2,"35":2,"36":2,"37":2,"38":0,"39":3,"40":2,"41":2,"42":2,"43":2,"44":0,"45":0,"46":3,"47":1,"48":1,"49":1,"50":1,"51":1,"52":1,"53":1,"54":1,"55":1,"56":0,"57":0,"58":0,"59":0,"60":0,"61":0,"62":0,"63":0,"64":0,"65":0,"66":0,"67":1,"68":3,"69":0,"70":0,"71":0,"72":0,"73":0,"74":0,"75":3,"76":1,"77":3,"78":1,"79":3,"80":7,"81":7,"82":2,"83":5,"84":5,"85":5,"86":4,"87":1,"88":1,"89":0,"90":3,"91":7,"92":7,"93":1,"94":6,"95":6,"96":5,"97":2,"98":3,"99":3,"100":3,"101":0,"102":3,"103":3,"104":1,"105":3,"106":1,"107":3,"108":1,"109":1,"110":1,"111":0,"112":3,"113":1,"114":3,"115":1,"116":1,"117":1,"118":3},"f":{"0":1,"1":2,"2":2,"3":1,"4":0,"5":1,"6":1,"7":7,"8":7,"9":1,"10":1,"11":1,"12":1},"b":{"0":[1,1],"1":[2,0],"2":[1,0],"3":[0,0],"4":[0,0],"5":[0,0],"6":[2,5],"7":[7,6],"8":[1,0],"9":[1,6],"10":[7,6],"11":[2,3],"12":[0,3],"13":[1,1,1],"14":[1,0],"15":[0,0],"16":[1,0]},"_coverageSchema":"1a1c01bbd47fc00a2c39e90264f33305004495a9","hash":"d4e990e9658bd39bec9b58e08df7561f2eb5c806"}
,"D:\\67160041\\student-api\\auth-helpers.js": {"path":"D:\\67160041\\student-api\\auth-helpers.js","statementMap":{"0":{"start":{"line":1,"column":15},"end":{"line":1,"column":32}},"1":{"start":{"line":2,"column":12},"end":{"line":2,"column":35}},"2":{"start":{"line":4,"column":20},"end":{"line":4,"column":22}},"3":{"start":{"line":8,"column":2},"end":{"line":8,"column":55}},"4":{"start":{"line":12,"column":2},"end":{"line":12,"column":61}},"5":{"start":{"line":16,"column":2},"end":{"line":20,"column":4}},"6":{"start":{"line":23,"column":0},"end":{"line":23,"column":65}}},"fnMap":{"0":{"name":"hashPassword","decl":{"start":{"line":6,"column":15},"end":{"line":6,"column":27}},"loc":{"start":{"line":6,"column":43},"end":{"line":9,"column":1}},"line":6},"1":{"name":"verifyPassword","decl":{"start":{"line":11,"column":15},"end":{"line":11,"column":29}},"loc":{"start":{"line":11,"column":61},"end":{"line":13,"column":1}},"line":11},"2":{"name":"generateToken","decl":{"start":{"line":15,"column":9},"end":{"line":15,"column":22}},"loc":{"start":{"line":15,"column":29},"end":{"line":21,"column":1}},"line":15}},"branchMap":{},"s":{"0":4,"1":4,"2":4,"3":9,"4":5,"5":4,"6":4},"f":{"0":9,"1":5,"2":4},"b":{},"_coverageSchema":"1a1c01bbd47fc00a2c39e90264f33305004495a9","hash":"f183534dfe7db89f93a5902c8efc7399f20ee9ce"}
,"D:\\67160041\\student-api\\db.js": {"path":"D:\\67160041\\student-api\\db.js","statementMap":{"0":{"start":{"line":1,"column":14},"end":{"line":1,"column":39}},"1":{"start":{"line":3,"column":13},"end":{"line":11,"column":2}},"2":{"start":{"line":13,"column":0},"end":{"line":13,"column":22}}},"fnMap":{},"branchMap":{},"s":{"0":3,"1":3,"2":3},"f":{},"b":{},"_coverageSchema":"1a1c01bbd47fc00a2c39e90264f33305004495a9","hash":"9f4d18e7166ff43252494b32c5e518b380ca24c7"}
,"D:\\67160041\\student-api\\resolvers.js": {"path":"D:\\67160041\\student-api\\resolvers.js","statementMap":{"0":{"start":{"line":1,"column":15},"end":{"line":18,"column":1}},"1":{"start":{"line":20,"column":14},"end":{"line":23,"column":1}},"2":{"start":{"line":25,"column":20},"end":{"line":25,"column":21}},"3":{"start":{"line":28,"column":2},"end":{"line":31,"column":4}},"4":{"start":{"line":30,"column":35},"end":{"line":30,"column":67}},"5":{"start":{"line":34,"column":13},"end":{"line":121,"column":1}},"6":{"start":{"line":37,"column":20},"end":{"line":37,"column":61}},"7":{"start":{"line":37,"column":41},"end":{"line":37,"column":60}},"8":{"start":{"line":38,"column":4},"end":{"line":38,"column":52}},"9":{"start":{"line":42,"column":17},"end":{"line":42,"column":25}},"10":{"start":{"line":44,"column":4},"end":{"line":46,"column":5}},"11":{"start":{"line":45,"column":6},"end":{"line":45,"column":55}},"12":{"start":{"line":45,"column":36},"end":{"line":45,"column":53}},"13":{"start":{"line":48,"column":4},"end":{"line":50,"column":5}},"14":{"start":{"line":49,"column":6},"end":{"line":49,"column":72}},"15":{"start":{"line":49,"column":42},"end":{"line":49,"column":70}},"16":{"start":{"line":52,"column":4},"end":{"line":52,"column":38}},"17":{"start":{"line":55,"column":22},"end":{"line":55,"column":37}},"18":{"start":{"line":57,"column":22},"end":{"line":57,"column":70}},"19":{"start":{"line":57,"column":42},"end":{"line":57,"column":61}},"20":{"start":{"line":60,"column":4},"end":{"line":62,"column":5}},"21":{"start":{"line":61,"column":6},"end":{"line":61,"column":21}},"22":{"start":{"line":63,"column":4},"end":{"line":63,"column":56}},"23":{"start":{"line":63,"column":33},"end":{"line":63,"column":54}},"24":{"start":{"line":67,"column":25},"end":{"line":67,"column":46}},"25":{"start":{"line":68,"column":4},"end":{"line":74,"column":27}},"26":{"start":{"line":71,"column":10},"end":{"line":72,"column":54}},"27":{"start":{"line":79,"column":23},"end":{"line":86,"column":5}},"28":{"start":{"line":87,"column":4},"end":{"line":87,"column":30}},"29":{"start":{"line":88,"column":4},"end":{"line":88,"column":38}},"30":{"start":{"line":93,"column":20},"end":{"line":93,"column":61}},"31":{"start":{"line":93,"column":41},"end":{"line":93,"column":60}},"32":{"start":{"line":95,"column":4},"end":{"line":97,"column":5}},"33":{"start":{"line":96,"column":6},"end":{"line":96,"column":18}},"34":{"start":{"line":99,"column":4},"end":{"line":99,"column":60}},"35":{"start":{"line":99,"column":34},"end":{"line":99,"column":60}},"36":{"start":{"line":100,"column":4},"end":{"line":100,"column":63}},"37":{"start":{"line":100,"column":35},"end":{"line":100,"column":63}},"38":{"start":{"line":101,"column":4},"end":{"line":101,"column":63}},"39":{"start":{"line":101,"column":35},"end":{"line":101,"column":63}},"40":{"start":{"line":102,"column":4},"end":{"line":102,"column":63}},"41":{"start":{"line":102,"column":35},"end":{"line":102,"column":63}},"42":{"start":{"line":103,"column":4},"end":{"line":105,"column":5}},"43":{"start":{"line":104,"column":6},"end":{"line":104,"column":54}},"44":{"start":{"line":107,"column":4},"end":{"line":107,"column":35}},"45":{"start":{"line":112,"column":18},"end":{"line":112,"column":64}},"46":{"start":{"line":112,"column":44},"end":{"line":112,"column":63}},"47":{"start":{"line":114,"column":4},"end":{"line":116,"column":5}},"48":{"start":{"line":115,"column":6},"end":{"line":115,"column":76}},"49":{"start":{"line":118,"column":4},"end":{"line":118,"column":30}},"50":{"start":{"line":119,"column":4},"end":{"line":119,"column":64}},"51":{"start":{"line":123,"column":0},"end":{"line":123,"column":22}}},"fnMap":{"0":{"name":"resolveStudent","decl":{"start":{"line":27,"column":9},"end":{"line":27,"column":23}},"loc":{"start":{"line":27,"column":33},"end":{"line":32,"column":1}},"line":27},"1":{"name":"(anonymous_1)","decl":{"start":{"line":30,"column":28},"end":{"line":30,"column":29}},"loc":{"start":{"line":30,"column":35},"end":{"line":30,"column":67}},"line":30},"2":{"name":"(anonymous_2)","decl":{"start":{"line":36,"column":11},"end":{"line":36,"column":12}},"loc":{"start":{"line":36,"column":23},"end":{"line":39,"column":3}},"line":36},"3":{"name":"(anonymous_3)","decl":{"start":{"line":37,"column":34},"end":{"line":37,"column":35}},"loc":{"start":{"line":37,"column":41},"end":{"line":37,"column":60}},"line":37},"4":{"name":"(anonymous_4)","decl":{"start":{"line":41,"column":12},"end":{"line":41,"column":13}},"loc":{"start":{"line":41,"column":35},"end":{"line":53,"column":3}},"line":41},"5":{"name":"(anonymous_5)","decl":{"start":{"line":45,"column":29},"end":{"line":45,"column":30}},"loc":{"start":{"line":45,"column":36},"end":{"line":45,"column":53}},"line":45},"6":{"name":"(anonymous_6)","decl":{"start":{"line":49,"column":32},"end":{"line":49,"column":33}},"loc":{"start":{"line":49,"column":42},"end":{"line":49,"column":70}},"line":49},"7":{"name":"(anonymous_7)","decl":{"start":{"line":55,"column":16},"end":{"line":55,"column":17}},"loc":{"start":{"line":55,"column":22},"end":{"line":55,"column":37}},"line":55},"8":{"name":"(anonymous_8)","decl":{"start":{"line":57,"column":10},"end":{"line":57,"column":11}},"loc":{"start":{"line":57,"column":22},"end":{"line":57,"column":70}},"line":57},"9":{"name":"(anonymous_9)","decl":{"start":{"line":57,"column":35},"end":{"line":57,"column":36}},"loc":{"start":{"line":57,"column":42},"end":{"line":57,"column":61}},"line":57},"10":{"name":"(anonymous_10)","decl":{"start":{"line":59,"column":11},"end":{"line":59,"column":12}},"loc":{"start":{"line":59,"column":30},"end":{"line":64,"column":3}},"line":59},"11":{"name":"(anonymous_11)","decl":{"start":{"line":63,"column":26},"end":{"line":63,"column":27}},"loc":{"start":{"line":63,"column":33},"end":{"line":63,"column":54}},"line":63},"12":{"name":"(anonymous_12)","decl":{"start":{"line":66,"column":18},"end":{"line":66,"column":19}},"loc":{"start":{"line":66,"column":35},"end":{"line":75,"column":3}},"line":66},"13":{"name":"(anonymous_13)","decl":{"start":{"line":70,"column":8},"end":{"line":70,"column":9}},"loc":{"start":{"line":71,"column":10},"end":{"line":72,"column":54}},"line":71},"14":{"name":"(anonymous_14)","decl":{"start":{"line":78,"column":17},"end":{"line":78,"column":18}},"loc":{"start":{"line":78,"column":32},"end":{"line":89,"column":3}},"line":78},"15":{"name":"(anonymous_15)","decl":{"start":{"line":92,"column":17},"end":{"line":92,"column":18}},"loc":{"start":{"line":92,"column":36},"end":{"line":108,"column":3}},"line":92},"16":{"name":"(anonymous_16)","decl":{"start":{"line":93,"column":34},"end":{"line":93,"column":35}},"loc":{"start":{"line":93,"column":41},"end":{"line":93,"column":60}},"line":93},"17":{"name":"(anonymous_17)","decl":{"start":{"line":111,"column":17},"end":{"line":111,"column":18}},"loc":{"start":{"line":111,"column":29},"end":{"line":120,"column":3}},"line":111},"18":{"name":"(anonymous_18)","decl":{"start":{"line":112,"column":37},"end":{"line":112,"column":38}},"loc":{"start":{"line":112,"column":44},"end":{"line":112,"column":63}},"line":112}},"branchMap":{"0":{"loc":{"start":{"line":38,"column":11},"end":{"line":38,"column":51}},"type":"cond-expr","locations":[{"start":{"line":38,"column":21},"end":{"line":38,"column":44}},{"start":{"line":38,"column":47},"end":{"line":38,"column":51}}],"line":38},"1":{"loc":{"start":{"line":44,"column":4},"end":{"line":46,"column":5}},"type":"if","locations":[{"start":{"line":44,"column":4},"end":{"line":46,"column":5}},{"start":{},"end":{}}],"line":44},"2":{"loc":{"start":{"line":48,"column":4},"end":{"line":50,"column":5}},"type":"if","locations":[{"start":{"line":48,"column":4},"end":{"line":50,"column":5}},{"start":{},"end":{}}],"line":48},"3":{"loc":{"start":{"line":57,"column":22},"end":{"line":57,"column":70}},"type":"binary-expr","locations":[{"start":{"line":57,"column":22},"end":{"line":57,"column":62}},{"start":{"line":57,"column":66},"end":{"line":57,"column":70}}],"line":57},"4":{"loc":{"start":{"line":60,"column":4},"end":{"line":62,"column":5}},"type":"if","locations":[{"start":{"line":60,"column":4},"end":{"line":62,"column":5}},{"start":{},"end":{}}],"line":60},"5":{"loc":{"start":{"line":60,"column":8},"end":{"line":60,"column":53}},"type":"binary-expr","locations":[{"start":{"line":60,"column":8},"end":{"line":60,"column":31}},{"start":{"line":60,"column":35},"end":{"line":60,"column":53}}],"line":60},"6":{"loc":{"start":{"line":71,"column":10},"end":{"line":72,"column":54}},"type":"binary-expr","locations":[{"start":{"line":71,"column":10},"end":{"line":71,"column":53}},{"start":{"line":72,"column":10},"end":{"line":72,"column":54}}],"line":71},"7":{"loc":{"start":{"line":85,"column":18},"end":{"line":85,"column":39}},"type":"binary-expr","locations":[{"start":{"line":85,"column":18},"end":{"line":85,"column":33}},{"start":{"line":85,"column":37},"end":{"line":85,"column":39}}],"line":85},"8":{"loc":{"start":{"line":95,"column":4},"end":{"line":97,"column":5}},"type":"if","locations":[{"start":{"line":95,"column":4},"end":{"line":97,"column":5}},{"start":{},"end":{}}],"line":95},"9":{"loc":{"start":{"line":99,"column":4},"end":{"line":99,"column":60}},"type":"if","locations":[{"start":{"line":99,"column":4},"end":{"line":99,"column":60}},{"start":{},"end":{}}],"line":99},"10":{"loc":{"start":{"line":100,"column":4},"end":{"line":100,"column":63}},"type":"if","locations":[{"start":{"line":100,"column":4},"end":{"line":100,"column":63}},{"start":{},"end":{}}],"line":100},"11":{"loc":{"start":{"line":101,"column":4},"end":{"line":101,"column":63}},"type":"if","locations":[{"start":{"line":101,"column":4},"end":{"line":101,"column":63}},{"start":{},"end":{}}],"line":101},"12":{"loc":{"start":{"line":102,"column":4},"end":{"line":102,"column":63}},"type":"if","locations":[{"start":{"line":102,"column":4},"end":{"line":102,"column":63}},{"start":{},"end":{}}],"line":102},"13":{"loc":{"start":{"line":103,"column":4},"end":{"line":105,"column":5}},"type":"if","locations":[{"start":{"line":103,"column":4},"end":{"line":105,"column":5}},{"start":{},"end":{}}],"line":103},"14":{"loc":{"start":{"line":114,"column":4},"end":{"line":116,"column":5}},"type":"if","locations":[{"start":{"line":114,"column":4},"end":{"line":116,"column":5}},{"start":{},"end":{}}],"line":114}},"s":{"0":3,"1":3,"2":3,"3":0,"4":0,"5":3,"6":0,"7":0,"8":0,"9":0,"10":0,"11":0,"12":0,"13":0,"14":0,"15":0,"16":0,"17":0,"18":0,"19":0,"20":0,"21":0,"22":0,"23":0,"24":0,"25":0,"26":0,"27":0,"28":0,"29":0,"30":0,"31":0,"32":0,"33":0,"34":0,"35":0,"36":0,"37":0,"38":0,"39":0,"40":0,"41":0,"42":0,"43":0,"44":0,"45":0,"46":0,"47":0,"48":0,"49":0,"50":0,"51":3},"f":{"0":0,"1":0,"2":0,"3":0,"4":0,"5":0,"6":0,"7":0,"8":0,"9":0,"10":0,"11":0,"12":0,"13":0,"14":0,"15":0,"16":0,"17":0,"18":0},"b":{"0":[0,0],"1":[0,0],"2":[0,0],"3":[0,0],"4":[0,0],"5":[0,0],"6":[0,0],"7":[0,0],"8":[0,0],"9":[0,0],"10":[0,0],"11":[0,0],"12":[0,0],"13":[0,0],"14":[0,0]},"_coverageSchema":"1a1c01bbd47fc00a2c39e90264f33305004495a9","hash":"c0d6ba233e0aa316250f464de159e944ef0ecd2a"}
,"D:\\67160041\\student-api\\schema.js": {"path":"D:\\67160041\\student-api\\schema.js","statementMap":{"0":{"start":{"line":1,"column":24},"end":{"line":1,"column":42}},"1":{"start":{"line":3,"column":15},"end":{"line":54,"column":2}},"2":{"start":{"line":56,"column":0},"end":{"line":56,"column":24}}},"fnMap":{},"branchMap":{},"s":{"0":3,"1":3,"2":3},"f":{},"b":{},"_coverageSchema":"1a1c01bbd47fc00a2c39e90264f33305004495a9","hash":"f004ea27b507c0723833c64cedb607a58d6bc5b4"}
,"D:\\67160041\\student-api\\middlewares\\auth.js": {"path":"D:\\67160041\\student-api\\middlewares\\auth.js","statementMap":{"0":{"start":{"line":1,"column":12},"end":{"line":1,"column":35}},"1":{"start":{"line":4,"column":21},"end":{"line":4,"column":49}},"2":{"start":{"line":5,"column":16},"end":{"line":5,"column":54}},"3":{"start":{"line":7,"column":2},"end":{"line":11,"column":3}},"4":{"start":{"line":8,"column":4},"end":{"line":10,"column":7}},"5":{"start":{"line":13,"column":2},"end":{"line":20,"column":3}},"6":{"start":{"line":14,"column":4},"end":{"line":14,"column":57}},"7":{"start":{"line":15,"column":4},"end":{"line":15,"column":11}},"8":{"start":{"line":17,"column":4},"end":{"line":19,"column":7}},"9":{"start":{"line":24,"column":2},"end":{"line":40,"column":4}},"10":{"start":{"line":25,"column":4},"end":{"line":29,"column":5}},"11":{"start":{"line":26,"column":6},"end":{"line":28,"column":9}},"12":{"start":{"line":31,"column":4},"end":{"line":38,"column":5}},"13":{"start":{"line":32,"column":6},"end":{"line":37,"column":9}},"14":{"start":{"line":39,"column":4},"end":{"line":39,"column":11}},"15":{"start":{"line":43,"column":0},"end":{"line":43,"column":54}}},"fnMap":{"0":{"name":"authenticateToken","decl":{"start":{"line":3,"column":9},"end":{"line":3,"column":26}},"loc":{"start":{"line":3,"column":43},"end":{"line":21,"column":1}},"line":3},"1":{"name":"authorizeRole","decl":{"start":{"line":23,"column":9},"end":{"line":23,"column":22}},"loc":{"start":{"line":23,"column":40},"end":{"line":41,"column":1}},"line":23},"2":{"name":"(anonymous_2)","decl":{"start":{"line":24,"column":9},"end":{"line":24,"column":10}},"loc":{"start":{"line":24,"column":29},"end":{"line":40,"column":3}},"line":24}},"branchMap":{"0":{"loc":{"start":{"line":5,"column":16},"end":{"line":5,"column":54}},"type":"binary-expr","locations":[{"start":{"line":5,"column":16},"end":{"line":5,"column":26}},{"start":{"line":5,"column":30},"end":{"line":5,"column":54}}],"line":5},"1":{"loc":{"start":{"line":7,"column":2},"end":{"line":11,"column":3}},"type":"if","locations":[{"start":{"line":7,"column":2},"end":{"line":11,"column":3}},{"start":{},"end":{}}],"line":7},"2":{"loc":{"start":{"line":25,"column":4},"end":{"line":29,"column":5}},"type":"if","locations":[{"start":{"line":25,"column":4},"end":{"line":29,"column":5}},{"start":{},"end":{}}],"line":25},"3":{"loc":{"start":{"line":31,"column":4},"end":{"line":38,"column":5}},"type":"if","locations":[{"start":{"line":31,"column":4},"end":{"line":38,"column":5}},{"start":{},"end":{}}],"line":31}},"s":{"0":3,"1":3,"2":3,"3":3,"4":1,"5":2,"6":2,"7":2,"8":0,"9":3,"10":1,"11":0,"12":1,"13":1,"14":0,"15":3},"f":{"0":3,"1":3,"2":1},"b":{"0":[3,2],"1":[1,2],"2":[0,1],"3":[1,0]},"_coverageSchema":"1a1c01bbd47fc00a2c39e90264f33305004495a9","hash":"6732843b19b46fdc5f823d65cd34acc56d916811"}
,"D:\\67160041\\student-api\\middlewares\\query-parser.js": {"path":"D:\\67160041\\student-api\\middlewares\\query-parser.js","statementMap":{"0":{"start":{"line":2,"column":2},"end":{"line":5,"column":4}},"1":{"start":{"line":6,"column":2},"end":{"line":6,"column":75}},"2":{"start":{"line":7,"column":2},"end":{"line":7,"column":9}},"3":{"start":{"line":12,"column":28},"end":{"line":12,"column":65}},"4":{"start":{"line":15,"column":2},"end":{"line":18,"column":4}},"5":{"start":{"line":19,"column":2},"end":{"line":19,"column":9}},"6":{"start":{"line":22,"column":0},"end":{"line":22,"column":48}}},"fnMap":{"0":{"name":"parsePagination","decl":{"start":{"line":1,"column":9},"end":{"line":1,"column":24}},"loc":{"start":{"line":1,"column":41},"end":{"line":8,"column":1}},"line":1},"1":{"name":"parseSort","decl":{"start":{"line":14,"column":9},"end":{"line":14,"column":18}},"loc":{"start":{"line":14,"column":35},"end":{"line":20,"column":1}},"line":14}},"branchMap":{"0":{"loc":{"start":{"line":3,"column":22},"end":{"line":3,"column":51}},"type":"binary-expr","locations":[{"start":{"line":3,"column":22},"end":{"line":3,"column":46}},{"start":{"line":3,"column":50},"end":{"line":3,"column":51}}],"line":3},"1":{"loc":{"start":{"line":4,"column":25},"end":{"line":4,"column":56}},"type":"binary-expr","locations":[{"start":{"line":4,"column":25},"end":{"line":4,"column":50}},{"start":{"line":4,"column":54},"end":{"line":4,"column":56}}],"line":4},"2":{"loc":{"start":{"line":16,"column":11},"end":{"line":16,"column":79}},"type":"cond-expr","locations":[{"start":{"line":16,"column":58},"end":{"line":16,"column":72}},{"start":{"line":16,"column":75},"end":{"line":16,"column":79}}],"line":16},"3":{"loc":{"start":{"line":17,"column":11},"end":{"line":17,"column":54}},"type":"cond-expr","locations":[{"start":{"line":17,"column":40},"end":{"line":17,"column":46}},{"start":{"line":17,"column":49},"end":{"line":17,"column":54}}],"line":17}},"s":{"0":2,"1":2,"2":2,"3":3,"4":2,"5":2,"6":3},"f":{"0":2,"1":2},"b":{"0":[2,2],"1":[2,2],"2":[0,2],"3":[0,2]},"_coverageSchema":"1a1c01bbd47fc00a2c39e90264f33305004495a9","hash":"18bf20b184efe46ba0aec4ab109f4301fe57a0ce"}
}
