TN:
SF:app.js
FN:36,(anonymous_0)
FN:45,(anonymous_1)
FN:83,(anonymous_2)
FN:131,(anonymous_3)
FN:205,(anonymous_4)
FN:223,(anonymous_5)
FN:228,(anonymous_6)
FN:233,(anonymous_7)
FN:266,(anonymous_8)
FN:312,(anonymous_9)
FN:318,(anonymous_10)
FN:328,(anonymous_11)
FN:335,(anonymous_12)
FNF:13
FNH:12
FNDA:1,(anonymous_0)
FNDA:2,(anonymous_1)
FNDA:2,(anonymous_2)
FNDA:1,(anonymous_3)
FNDA:0,(anonymous_4)
FNDA:1,(anonymous_5)
FNDA:1,(anonymous_6)
FNDA:7,(anonymous_7)
FNDA:7,(anonymous_8)
FNDA:1,(anonymous_9)
FNDA:1,(anonymous_10)
FNDA:1,(anonymous_11)
FNDA:1,(anonymous_12)
DA:1,3
DA:3,3
DA:4,3
DA:5,3
DA:6,3
DA:7,3
DA:8,3
DA:9,3
DA:10,3
DA:12,3
DA:13,3
DA:15,3
DA:16,3
DA:17,3
DA:20,3
DA:21,3
DA:27,3
DA:28,3
DA:31,3
DA:32,3
DA:36,3
DA:37,1
DA:41,3
DA:46,2
DA:47,2
DA:48,2
DA:50,2
DA:51,2
DA:52,2
DA:54,2
DA:55,1
DA:56,1
DA:57,1
DA:60,2
DA:62,2
DA:63,2
DA:64,2
DA:66,2
DA:77,0
DA:83,3
DA:84,2
DA:85,2
DA:89,2
DA:90,2
DA:95,0
DA:97,0
DA:131,3
DA:132,1
DA:133,1
DA:134,1
DA:136,1
DA:137,1
DA:139,1
DA:144,1
DA:145,1
DA:146,1
DA:151,0
DA:152,0
DA:153,0
DA:158,0
DA:163,0
DA:168,0
DA:169,0
DA:171,0
DA:172,0
DA:173,0
DA:180,0
DA:182,1
DA:201,3
DA:206,0
DA:207,0
DA:210,0
DA:211,0
DA:215,0
DA:217,0
DA:223,3
DA:224,1
DA:228,3
DA:229,1
DA:233,3
DA:234,7
DA:236,7
DA:237,2
DA:245,5
DA:246,5
DA:247,5
DA:252,4
DA:257,1
DA:258,1
DA:262,0
DA:266,3
DA:267,7
DA:269,7
DA:270,1
DA:278,6
DA:279,6
DA:283,5
DA:284,2
DA:292,3
DA:293,3
DA:295,3
DA:296,0
DA:304,3
DA:305,3
DA:307,1
DA:312,3
DA:313,1
DA:318,3
DA:319,1
DA:320,1
DA:321,1
DA:323,0
DA:328,3
DA:329,1
DA:335,3
DA:336,1
DA:337,1
DA:338,1
DA:347,3
LF:119
LH:96
BRDA:54,0,0,1
BRDA:54,0,1,1
BRDA:89,1,0,2
BRDA:89,1,1,0
BRDA:144,2,0,1
BRDA:144,2,1,0
BRDA:151,3,0,0
BRDA:151,3,1,0
BRDA:172,4,0,0
BRDA:172,4,1,0
BRDA:210,5,0,0
BRDA:210,5,1,0
BRDA:236,6,0,2
BRDA:236,6,1,5
BRDA:236,7,0,7
BRDA:236,7,1,6
BRDA:257,8,0,1
BRDA:257,8,1,0
BRDA:269,9,0,1
BRDA:269,9,1,6
BRDA:269,10,0,7
BRDA:269,10,1,6
BRDA:283,11,0,2
BRDA:283,11,1,3
BRDA:295,12,0,0
BRDA:295,12,1,3
BRDA:337,13,0,1
BRDA:337,13,1,1
BRDA:337,13,2,1
BRDA:340,14,0,1
BRDA:340,14,1,0
BRDA:340,15,0,0
BRDA:340,15,1,0
BRDA:341,16,0,1
BRDA:341,16,1,0
BRF:35
BRH:21
end_of_record
TN:
SF:auth-helpers.js
FN:6,hashPassword
FN:11,verifyPassword
FN:15,generateToken
FNF:3
FNH:3
FNDA:9,hashPassword
FNDA:5,verifyPassword
FNDA:4,generateToken
DA:1,4
DA:2,4
DA:4,4
DA:8,9
DA:12,5
DA:16,4
DA:23,4
LF:7
LH:7
BRF:0
BRH:0
end_of_record
TN:
SF:db.js
FNF:0
FNH:0
DA:1,3
DA:3,3
DA:13,3
LF:3
LH:3
BRF:0
BRH:0
end_of_record
TN:
SF:resolvers.js
FN:27,resolveStudent
FN:30,(anonymous_1)
FN:36,(anonymous_2)
FN:37,(anonymous_3)
FN:41,(anonymous_4)
FN:45,(anonymous_5)
FN:49,(anonymous_6)
FN:55,(anonymous_7)
FN:57,(anonymous_8)
FN:57,(anonymous_9)
FN:59,(anonymous_10)
FN:63,(anonymous_11)
FN:66,(anonymous_12)
FN:70,(anonymous_13)
FN:78,(anonymous_14)
FN:92,(anonymous_15)
FN:93,(anonymous_16)
FN:111,(anonymous_17)
FN:112,(anonymous_18)
FNF:19
FNH:0
FNDA:0,resolveStudent
FNDA:0,(anonymous_1)
FNDA:0,(anonymous_2)
FNDA:0,(anonymous_3)
FNDA:0,(anonymous_4)
FNDA:0,(anonymous_5)
FNDA:0,(anonymous_6)
FNDA:0,(anonymous_7)
FNDA:0,(anonymous_8)
FNDA:0,(anonymous_9)
FNDA:0,(anonymous_10)
FNDA:0,(anonymous_11)
FNDA:0,(anonymous_12)
FNDA:0,(anonymous_13)
FNDA:0,(anonymous_14)
FNDA:0,(anonymous_15)
FNDA:0,(anonymous_16)
FNDA:0,(anonymous_17)
FNDA:0,(anonymous_18)
DA:1,3
DA:20,3
DA:25,3
DA:28,0
DA:30,0
DA:34,3
DA:37,0
DA:38,0
DA:42,0
DA:44,0
DA:45,0
DA:48,0
DA:49,0
DA:52,0
DA:55,0
DA:57,0
DA:60,0
DA:61,0
DA:63,0
DA:67,0
DA:68,0
DA:71,0
DA:79,0
DA:87,0
DA:88,0
DA:93,0
DA:95,0
DA:96,0
DA:99,0
DA:100,0
DA:101,0
DA:102,0
DA:103,0
DA:104,0
DA:107,0
DA:112,0
DA:114,0
DA:115,0
DA:118,0
DA:119,0
DA:123,3
LF:41
LH:5
BRDA:38,0,0,0
BRDA:38,0,1,0
BRDA:44,1,0,0
BRDA:44,1,1,0
BRDA:48,2,0,0
BRDA:48,2,1,0
BRDA:57,3,0,0
BRDA:57,3,1,0
BRDA:60,4,0,0
BRDA:60,4,1,0
BRDA:60,5,0,0
BRDA:60,5,1,0
BRDA:71,6,0,0
BRDA:71,6,1,0
BRDA:85,7,0,0
BRDA:85,7,1,0
BRDA:95,8,0,0
BRDA:95,8,1,0
BRDA:99,9,0,0
BRDA:99,9,1,0
BRDA:100,10,0,0
BRDA:100,10,1,0
BRDA:101,11,0,0
BRDA:101,11,1,0
BRDA:102,12,0,0
BRDA:102,12,1,0
BRDA:103,13,0,0
BRDA:103,13,1,0
BRDA:114,14,0,0
BRDA:114,14,1,0
BRF:30
BRH:0
end_of_record
TN:
SF:schema.js
FNF:0
FNH:0
DA:1,3
DA:3,3
DA:56,3
LF:3
LH:3
BRF:0
BRH:0
end_of_record
TN:
SF:middlewares\auth.js
FN:3,authenticateToken
FN:23,authorizeRole
FN:24,(anonymous_2)
FNF:3
FNH:3
FNDA:3,authenticateToken
FNDA:3,authorizeRole
FNDA:1,(anonymous_2)
DA:1,3
DA:4,3
DA:5,3
DA:7,3
DA:8,1
DA:13,2
DA:14,2
DA:15,2
DA:17,0
DA:24,3
DA:25,1
DA:26,0
DA:31,1
DA:32,1
DA:39,0
DA:43,3
LF:16
LH:13
BRDA:5,0,0,3
BRDA:5,0,1,2
BRDA:7,1,0,1
BRDA:7,1,1,2
BRDA:25,2,0,0
BRDA:25,2,1,1
BRDA:31,3,0,1
BRDA:31,3,1,0
BRF:8
BRH:6
end_of_record
TN:
SF:middlewares\query-parser.js
FN:1,parsePagination
FN:14,parseSort
FNF:2
FNH:2
FNDA:2,parsePagination
FNDA:2,parseSort
DA:2,2
DA:6,2
DA:7,2
DA:12,3
DA:15,2
DA:19,2
DA:22,3
LF:7
LH:7
BRDA:3,0,0,2
BRDA:3,0,1,2
BRDA:4,1,0,2
BRDA:4,1,1,2
BRDA:16,2,0,0
BRDA:16,2,1,2
BRDA:17,3,0,0
BRDA:17,3,1,2
BRF:8
BRH:6
end_of_record
