TN:
SF:app.js
FN:36,(anonymous_0)
FN:45,(anonymous_1)
FN:83,(anonymous_2)
FN:131,(anonymous_3)
FN:187,(anonymous_4)
FN:205,(anonymous_5)
FN:223,(anonymous_6)
FN:228,(anonymous_7)
FN:233,(anonymous_8)
FN:266,(anonymous_9)
FN:312,(anonymous_10)
FN:318,(anonymous_11)
FN:328,(anonymous_12)
FN:335,(anonymous_13)
FNF:14
FNH:4
FNDA:0,(anonymous_0)
FNDA:0,(anonymous_1)
FNDA:0,(anonymous_2)
FNDA:0,(anonymous_3)
FNDA:0,(anonymous_4)
FNDA:0,(anonymous_5)
FNDA:0,(anonymous_6)
FNDA:1,(anonymous_7)
FNDA:5,(anonymous_8)
FNDA:5,(anonymous_9)
FNDA:0,(anonymous_10)
FNDA:0,(anonymous_11)
FNDA:0,(anonymous_12)
FNDA:1,(anonymous_13)
DA:1,2
DA:3,2
DA:4,2
DA:5,2
DA:6,2
DA:7,2
DA:8,2
DA:9,2
DA:10,2
DA:12,2
DA:13,2
DA:15,2
DA:16,2
DA:17,2
DA:20,2
DA:21,2
DA:27,2
DA:28,2
DA:31,2
DA:32,2
DA:36,2
DA:37,0
DA:41,2
DA:46,0
DA:47,0
DA:48,0
DA:50,0
DA:51,0
DA:52,0
DA:54,0
DA:55,0
DA:56,0
DA:57,0
DA:60,0
DA:62,0
DA:63,0
DA:64,0
DA:66,0
DA:77,0
DA:83,2
DA:84,0
DA:85,0
DA:89,0
DA:90,0
DA:95,0
DA:97,0
DA:131,2
DA:132,0
DA:133,0
DA:134,0
DA:136,0
DA:137,0
DA:139,0
DA:144,0
DA:145,0
DA:146,0
DA:151,0
DA:152,0
DA:153,0
DA:158,0
DA:163,0
DA:168,0
DA:169,0
DA:171,0
DA:172,0
DA:173,0
DA:180,0
DA:182,0
DA:187,2
DA:188,0
DA:189,0
DA:191,0
DA:192,0
DA:197,0
DA:201,2
DA:206,0
DA:207,0
DA:210,0
DA:211,0
DA:215,0
DA:217,0
DA:223,2
DA:224,0
DA:228,2
DA:229,1
DA:233,2
DA:234,5
DA:236,5
DA:237,1
DA:245,4
DA:246,4
DA:247,4
DA:252,3
DA:257,1
DA:258,1
DA:262,0
DA:266,2
DA:267,5
DA:269,5
DA:270,0
DA:278,5
DA:279,5
DA:283,4
DA:284,2
DA:292,2
DA:293,2
DA:295,2
DA:296,0
DA:304,2
DA:305,2
DA:307,1
DA:312,2
DA:313,0
DA:318,2
DA:319,0
DA:320,0
DA:321,0
DA:323,0
DA:328,2
DA:329,0
DA:335,2
DA:336,1
DA:337,1
DA:338,1
DA:347,2
LF:125
LH:60
BRDA:54,0,0,0
BRDA:54,0,1,0
BRDA:89,1,0,0
BRDA:89,1,1,0
BRDA:144,2,0,0
BRDA:144,2,1,0
BRDA:151,3,0,0
BRDA:151,3,1,0
BRDA:172,4,0,0
BRDA:172,4,1,0
BRDA:191,5,0,0
BRDA:191,5,1,0
BRDA:191,6,0,0
BRDA:191,6,1,0
BRDA:210,7,0,0
BRDA:210,7,1,0
BRDA:236,8,0,1
BRDA:236,8,1,4
BRDA:236,9,0,5
BRDA:236,9,1,5
BRDA:257,10,0,1
BRDA:257,10,1,0
BRDA:269,11,0,0
BRDA:269,11,1,5
BRDA:269,12,0,5
BRDA:269,12,1,5
BRDA:283,13,0,2
BRDA:283,13,1,2
BRDA:295,14,0,0
BRDA:295,14,1,2
BRDA:337,15,0,1
BRDA:337,15,1,1
BRDA:337,15,2,1
BRDA:340,16,0,1
BRDA:340,16,1,0
BRDA:340,17,0,0
BRDA:340,17,1,0
BRDA:341,18,0,1
BRDA:341,18,1,0
BRF:39
BRH:16
end_of_record
TN:
SF:auth-helpers.js
FN:6,hashPassword
FN:11,verifyPassword
FN:15,generateToken
FNF:3
FNH:3
FNDA:8,hashPassword
FNDA:4,verifyPassword
FNDA:3,generateToken
DA:1,3
DA:2,3
DA:4,3
DA:8,8
DA:12,4
DA:16,3
DA:23,3
LF:7
LH:7
BRF:0
BRH:0
end_of_record
TN:
SF:db.js
FNF:0
FNH:0
DA:1,2
DA:3,2
DA:13,2
LF:3
LH:3
BRF:0
BRH:0
end_of_record
TN:
SF:resolvers.js
FN:27,resolveStudent
FN:30,(anonymous_1)
FN:36,(anonymous_2)
FN:37,(anonymous_3)
FN:41,(anonymous_4)
FN:45,(anonymous_5)
FN:49,(anonymous_6)
FN:55,(anonymous_7)
FN:57,(anonymous_8)
FN:57,(anonymous_9)
FN:59,(anonymous_10)
FN:63,(anonymous_11)
FN:66,(anonymous_12)
FN:70,(anonymous_13)
FN:78,(anonymous_14)
FN:92,(anonymous_15)
FN:93,(anonymous_16)
FN:111,(anonymous_17)
FN:112,(anonymous_18)
FNF:19
FNH:0
FNDA:0,resolveStudent
FNDA:0,(anonymous_1)
FNDA:0,(anonymous_2)
FNDA:0,(anonymous_3)
FNDA:0,(anonymous_4)
FNDA:0,(anonymous_5)
FNDA:0,(anonymous_6)
FNDA:0,(anonymous_7)
FNDA:0,(anonymous_8)
FNDA:0,(anonymous_9)
FNDA:0,(anonymous_10)
FNDA:0,(anonymous_11)
FNDA:0,(anonymous_12)
FNDA:0,(anonymous_13)
FNDA:0,(anonymous_14)
FNDA:0,(anonymous_15)
FNDA:0,(anonymous_16)
FNDA:0,(anonymous_17)
FNDA:0,(anonymous_18)
DA:1,2
DA:20,2
DA:25,2
DA:28,0
DA:30,0
DA:34,2
DA:37,0
DA:38,0
DA:42,0
DA:44,0
DA:45,0
DA:48,0
DA:49,0
DA:52,0
DA:55,0
DA:57,0
DA:60,0
DA:61,0
DA:63,0
DA:67,0
DA:68,0
DA:71,0
DA:79,0
DA:87,0
DA:88,0
DA:93,0
DA:95,0
DA:96,0
DA:99,0
DA:100,0
DA:101,0
DA:102,0
DA:103,0
DA:104,0
DA:107,0
DA:112,0
DA:114,0
DA:115,0
DA:118,0
DA:119,0
DA:123,2
LF:41
LH:5
BRDA:38,0,0,0
BRDA:38,0,1,0
BRDA:44,1,0,0
BRDA:44,1,1,0
BRDA:48,2,0,0
BRDA:48,2,1,0
BRDA:57,3,0,0
BRDA:57,3,1,0
BRDA:60,4,0,0
BRDA:60,4,1,0
BRDA:60,5,0,0
BRDA:60,5,1,0
BRDA:71,6,0,0
BRDA:71,6,1,0
BRDA:85,7,0,0
BRDA:85,7,1,0
BRDA:95,8,0,0
BRDA:95,8,1,0
BRDA:99,9,0,0
BRDA:99,9,1,0
BRDA:100,10,0,0
BRDA:100,10,1,0
BRDA:101,11,0,0
BRDA:101,11,1,0
BRDA:102,12,0,0
BRDA:102,12,1,0
BRDA:103,13,0,0
BRDA:103,13,1,0
BRDA:114,14,0,0
BRDA:114,14,1,0
BRF:30
BRH:0
end_of_record
TN:
SF:schema.js
FNF:0
FNH:0
DA:1,2
DA:3,2
DA:56,2
LF:3
LH:3
BRF:0
BRH:0
end_of_record
TN:
SF:middlewares\auth.js
FN:3,authenticateToken
FN:23,authorizeRole
FN:24,(anonymous_2)
FNF:3
FNH:2
FNDA:2,authenticateToken
FNDA:2,authorizeRole
FNDA:0,(anonymous_2)
DA:1,2
DA:4,2
DA:5,2
DA:7,2
DA:8,1
DA:13,1
DA:14,1
DA:15,1
DA:17,0
DA:24,2
DA:25,0
DA:26,0
DA:31,0
DA:32,0
DA:39,0
DA:43,2
LF:16
LH:10
BRDA:5,0,0,2
BRDA:5,0,1,1
BRDA:7,1,0,1
BRDA:7,1,1,1
BRDA:25,2,0,0
BRDA:25,2,1,0
BRDA:31,3,0,0
BRDA:31,3,1,0
BRF:8
BRH:4
end_of_record
TN:
SF:middlewares\query-parser.js
FN:1,parsePagination
FN:14,parseSort
FNF:2
FNH:0
FNDA:0,parsePagination
FNDA:0,parseSort
DA:2,0
DA:6,0
DA:7,0
DA:12,2
DA:15,0
DA:19,0
DA:22,2
LF:7
LH:2
BRDA:3,0,0,0
BRDA:3,0,1,0
BRDA:4,1,0,0
BRDA:4,1,1,0
BRDA:16,2,0,0
BRDA:16,2,1,0
BRDA:17,3,0,0
BRDA:17,3,1,0
BRF:8
BRH:0
end_of_record
